#
# A fatal error has been detected by the Java Runtime Environment:
#
#  EXCEPTION_ACCESS_VIOLATION (0xc0000005) at pc=0x0000016a89349384, pid=11392, tid=10916
#
# JRE version: OpenJDK Runtime Environment Temurin-21.0.6+7 (21.0.6+7) (build 21.0.6+7-LTS)
# Java VM: OpenJDK 64-Bit Server VM Temurin-21.0.6+7 (21.0.6+7-LTS, mixed mode, emulated-client, sharing, tiered, compressed oops, compressed class ptrs, g1 gc, windows-amd64)
# Problematic frame:
# v  ~BufferBlob::MethodHandles adapters 0x0000016a89349384
#
# No core dump will be written. Minidumps are not enabled by default on client versions of Windows
#
# If you would like to submit a bug report, please visit:
#   https://github.com/adoptium/adoptium-support/issues
#

---------------  S U M M A R Y ------------

Command Line: -XX:+ShowCodeDetailsInExceptionMessages -agentlib:jdwp=transport=dt_socket,suspend=y,address=localhost:61606 -Dcom.sun.management.jmxremote -Dcom.sun.management.jmxremote.port=61605 -Dcom.sun.management.jmxremote.authenticate=false -Dcom.sun.management.jmxremote.ssl=false -Djava.rmi.server.hostname=localhost -Dspring.jmx.enabled=true -Dmanagement.endpoints.jmx.exposure.include=* -Dspring.application.admin.enabled=true -Dspring.output.ansi.enabled=always -XX:TieredStopAtLevel=1 -Dspring.boot.project.name=ERP-Project -javaagent:C:\Users\ware\Documents\sts-4.24.0.RELEASE\configuration\org.eclipse.osgi\1103\0\.cp\lib\javaagent-shaded.jar -Dfile.encoding=UTF-8 -Dstdout.encoding=UTF-8 -Dstderr.encoding=UTF-8 com.prog.ErpProjectApplication

Host: 11th Gen Intel(R) Core(TM) i5-1135G7 @ 2.40GHz, 8 cores, 7G,  Windows 11 , 64 bit Build 26100 (10.0.26100.4484)
Time: Sun Jul 13 17:09:04 2025 India Standard Time elapsed time: 178.489477 seconds (0d 0h 2m 58s)

---------------  T H R E A D  ---------------

Current thread (0x0000016ad9e80e80):  JavaThread "http-nio-8081-exec-5" daemon [_thread_in_Java, id=10916, stack(0x0000003ab8700000,0x0000003ab8800000) (1024K)]

Stack: [0x0000003ab8700000,0x0000003ab8800000],  sp=0x0000003ab87fd408,  free space=1013k
Native frames: (J=compiled Java code, j=interpreted, Vv=VM code, C=native code)
C  0x0000016a89349384

The last pc belongs to _linkToVirtual (printed below).

siginfo: EXCEPTION_ACCESS_VIOLATION (0xc0000005), reading address 0x0000016f56bf57ea


Registers:
RAX=0x0000016a892f958b, RBX=0x00000000864991a0, RCX=0x0000003ab87fd410, RDX=0x0000000000000002
RSP=0x0000003ab87fd408, RBP=0x0000003ab87fd458, RSI=0x0000016ad7eed518, RDI=0x0000016ad9927ba0
R8 =0x0000000000000004, R9 =0x0000000000000004, R10=0x0000016b24728cea, R11=0x0000000086499928
R12=0x0000000000000000, R13=0x0000003ab87fd408, R14=0x0000003ab87fd478, R15=0x0000016ad9e80e80
RIP=0x0000016a89349384, EFLAGS=0x0000000000010202

XMM[0]=0x0000000000000000 0x0000000000000000
XMM[1]=0x0000000000000000 0x0000000000000000
XMM[2]=0x0000000000000000 0x0000000000000000
XMM[3]=0x0000000000000000 0x0000000000000000
XMM[4]=0x0000000000000000 0x0000000000000000
XMM[5]=0x0000000000000000 0x0000000000000000
XMM[6]=0x0000000000000000 0x0000000000000000
XMM[7]=0x0000000000000000 0x0000000000000000
XMM[8]=0x0000000000000000 0x0000000000000000
XMM[9]=0x0000000000000000 0x0000000000000000
XMM[10]=0x0000000000000000 0x0000000000000000
XMM[11]=0x0000000000000000 0x0000000000000000
XMM[12]=0x0000000000000000 0x0000000000000000
XMM[13]=0x0000000000000000 0x0000000000000000
XMM[14]=0x0000000000000000 0x0000000000000000
XMM[15]=0x0000000000000000 0x0000000000000000
  MXCSR=0x00001fa0


Register to memory mapping:

RAX=0x0000016a892f958b is at code_begin+4363 in an Interpreter codelet
return entry points  [0x0000016a892f8480, 0x0000016a892fa298]  7704 bytes
RBX=0x00000000864991a0 is an oop: com.prog.controller.wholesellerandretailer.RetailerFeedbackOrComplaintController 
{0x00000000864991a0} - klass: 'com/prog/controller/wholesellerandretailer/RetailerFeedbackOrComplaintController'
 - ---- fields (total size 3 words):
 - private 'service' 'Lcom/prog/service/wholesellerandretailer/RetailerFeedbackOrComplaintService;' @12  a 'com/prog/service/wholesellerandretailer/RetailerFeedbackOrComplaintService'{0x00000000864991b8} (0x864991b8)
 - private 'sellerservice' 'Lcom/prog/service/wholesellerandretailer/SellerRegistrationService;' @16  a 'com/prog/service/wholesellerandretailer/SellerRegistrationService'{0x0000000086499928} (0x86499928)
RCX=0x0000003ab87fd410 is pointing into the stack for thread: 0x0000016ad9e80e80
RDX=0x0000000000000002 is an unknown value
RSP=0x0000003ab87fd408 is pointing into the stack for thread: 0x0000016ad9e80e80
RBP=0x0000003ab87fd458 is pointing into the stack for thread: 0x0000016ad9e80e80
RSI=0x0000016ad7eed518 points into unknown readable memory: 0x8800376f15e1f0be | be f0 e1 15 6f 37 00 88
RDI=0x0000016ad9927ba0 points into unknown readable memory: 0x0000001800000060 | 60 00 00 00 18 00 00 00
R8 =0x0000000000000004 is an unknown value
R9 =0x0000000000000004 is an unknown value
R10=0x0000016b24728cea is an unknown value
R11=0x0000000086499928 is an oop: com.prog.service.wholesellerandretailer.SellerRegistrationService 
{0x0000000086499928} - klass: 'com/prog/service/wholesellerandretailer/SellerRegistrationService'
 - ---- fields (total size 2 words):
 - private 'wrDao' 'Lcom/prog/Dao/wholesellerandretailer/SellerRegistrationDao;' @12  a 'com/prog/Dao/wholesellerandretailer/SellerRegistrationDao$$SpringCGLIB$$0'{0x0000000086499938} (0x86499938)
R12=0x0 is null
R13=0x0000003ab87fd408 is pointing into the stack for thread: 0x0000016ad9e80e80
R14=0x0000003ab87fd478 is pointing into the stack for thread: 0x0000016ad9e80e80
R15=0x0000016ad9e80e80 is a thread

Top of Stack: (sp=0x0000003ab87fd408)
0x0000003ab87fd408:   0000016a892f958b 0000003ab87fd410
0x0000003ab87fd418:   0000016a92728cea 0000000000000004
0x0000003ab87fd428:   0000016a920b1088 0000016a923c4b18
0x0000003ab87fd438:   00000000840cb9d0 0000016a920b3bd8
0x0000003ab87fd448:   0000003ab87fd408 0000003ab87fd480
0x0000003ab87fd458:   0000003ab87fd790 0000016a89bc63a8
0x0000003ab87fd468:   00000000875169e8 00000000864991a0
0x0000003ab87fd478:   00000000875169c0 00000000863cbf70
0x0000003ab87fd488:   0000000089a7ee30 0000000084ed3958
0x0000003ab87fd498:   0000000087516a18 00000000864991a0
0x0000003ab87fd4a8:   0000000087516a40 00000000875169c0
0x0000003ab87fd4b8:   00000000864991a0 0000016a89bc62e4
0x0000003ab87fd4c8:   0000000000000000 0000003ab87fd790
0x0000003ab87fd4d8:   0000016a89df1cca 0000016a00000000
0x0000003ab87fd4e8:   00000000863cbf70 0000000084ed3958
0x0000003ab87fd4f8:   0000000089a7ee30 0000000089a7ee08
0x0000003ab87fd508:   0000000000000001 0000000084ed3958
0x0000003ab87fd518:   00000000876ce788 0000000086595690
0x0000003ab87fd528:   0000003ab87fea10 0000003ab87fd790
0x0000003ab87fd538:   0000016a896b28d4 0000003ab87fc160
0x0000003ab87fd548:   00007ffed6430538 0000003ab87fd790
0x0000003ab87fd558:   0000016a8a37306c 0000000000000000
0x0000003ab87fd568:   0000000000000000 0000000000000000
0x0000003ab87fd578:   0000000000000000 0000000000000000
0x0000003ab87fd588:   0000000000000000 0000000087516a68
0x0000003ab87fd598:   0000000087516a88 00000000864991a0
0x0000003ab87fd5a8:   0000016a892f9500 00000000863cbf70
0x0000003ab87fd5b8:   00000000840ca628 00000000863cbf70
0x0000003ab87fd5c8:   0000000000000000 0000000000000000
0x0000003ab87fd5d8:   0000000089a7ee30 0000003ab87fd790
0x0000003ab87fd5e8:   0000016a8a372af5 00000000863cbf70
0x0000003ab87fd5f8:   0000000087516a18 0000003ab87fd790 

Instructions: (pc=0x0000016a89349384)
0x0000016a89349284:   00 00 00 00 01 00 00 00 00 00 00 00 98 86 a4 69
0x0000016a89349294:   fe 7f 00 00 00 93 34 89 6a 01 00 00 80 a3 34 89
0x0000016a893492a4:   6a 01 00 00 00 93 34 89 6a 01 00 00 80 a3 34 89
0x0000016a893492b4:   6a 01 00 00 f0 92 34 89 6a 01 00 00 f0 92 34 89
0x0000016a893492c4:   6a 01 00 00 00 00 00 00 00 00 00 00 38 87 a4 69
0x0000016a893492d4:   fe 7f 00 00 f0 10 00 00 60 00 00 00 ff ff ff ff
0x0000016a893492e4:   f0 10 00 00 00 00 00 00 00 00 00 00 00 00 00 00
0x0000016a893492f4:   00 00 00 00 00 00 00 00 00 00 00 00 f4 66 66 66
0x0000016a89349304:   0f 1f 84 00 00 00 00 00 66 66 66 90 66 66 66 0f
0x0000016a89349314:   1f 84 00 00 00 00 00 66 66 66 90 90 48 8b 53 08
0x0000016a89349324:   0f b7 52 2e 48 8b 0c d4 8b 59 14 8b 5b 28 8b 5b
0x0000016a89349334:   24 48 8b 5b 10 48 85 db 0f 84 10 00 00 00 41 80
0x0000016a89349344:   bf d8 05 00 00 00 74 03 ff 63 38 ff 63 50 e9 a9
0x0000016a89349354:   f6 ff ff 66 0f 1f 84 00 00 00 00 00 48 8b 53 08
0x0000016a89349364:   0f b7 52 2e 48 8b 0c d4 58 5b 50 44 8b 51 08 49
0x0000016a89349374:   bb 00 00 00 92 6a 01 00 00 4d 03 d3 4c 8b 5b 10
0x0000016a89349384:   4b 8b 9c da c0 01 00 00 48 85 db 0f 84 10 00 00
0x0000016a89349394:   00 41 80 bf d8 05 00 00 00 74 03 ff 63 38 ff 63
0x0000016a893493a4:   50 e9 56 f6 ff ff 66 66 66 0f 1f 84 00 00 00 00
0x0000016a893493b4:   00 66 66 66 90 0f 1f 80 00 00 00 00 58 5b 50 8b
0x0000016a893493c4:   5b 24 48 8b 5b 10 48 85 db 0f 84 10 00 00 00 41
0x0000016a893493d4:   80 bf d8 05 00 00 00 74 03 ff 63 38 ff 63 50 e9
0x0000016a893493e4:   18 f6 ff ff 66 66 66 0f 1f 84 00 00 00 00 00 66
0x0000016a893493f4:   66 66 90 66 0f 1f 84 00 00 00 00 00 48 8b 53 08
0x0000016a89349404:   0f b7 52 2e 48 8b 0c d4 58 5b 50 48 3b 01 8b 5b
0x0000016a89349414:   24 48 8b 5b 10 48 85 db 0f 84 10 00 00 00 41 80
0x0000016a89349424:   bf d8 05 00 00 00 74 03 ff 63 38 ff 63 50 e9 c9
0x0000016a89349434:   f5 ff ff 66 0f 1f 84 00 00 00 00 00 48 8b 53 08
0x0000016a89349444:   0f b7 52 2e 48 8b 0c d4 58 5b 50 44 8b 51 08 49
0x0000016a89349454:   bb 00 00 00 92 6a 01 00 00 4d 03 d3 8b 43 18 48
0x0000016a89349464:   8b 40 10 48 8b 5b 10 45 8b 9a a0 00 00 00 4f 8d
0x0000016a89349474:   9c da c0 01 00 00 4d 8d 14 da 49 8b 1b 48 3b c3 


Stack slot to memory mapping:

stack at sp + 0 slots: 0x0000016a892f958b is at code_begin+4363 in an Interpreter codelet
return entry points  [0x0000016a892f8480, 0x0000016a892fa298]  7704 bytes
stack at sp + 1 slots: 0x0000003ab87fd410 is pointing into the stack for thread: 0x0000016ad9e80e80
stack at sp + 2 slots: 0x0000016a92728cea is pointing into metadata
stack at sp + 3 slots: 0x0000000000000004 is an unknown value
stack at sp + 4 slots: 0x0000016a920b1088 is pointing into metadata
stack at sp + 5 slots: 0x0000016a923c4b18 is pointing into metadata
stack at sp + 6 slots: 0x00000000840cb9d0 is an oop: java.lang.Class 
{0x00000000840cb9d0} - klass: 'java/lang/Class'
 - ---- fields (total size 14 words):
 - private volatile transient 'classRedefinedCount' 'I' @12  0 (0x00000000)
 - injected 'klass' 'J' @16  1557228358752 (0x0000016a920b0c60)
 - injected 'array_klass' 'J' @24  0 (0x0000000000000000)
 - injected 'oop_size' 'I' @32  14 (0x0000000e)
 - injected 'static_oop_field_count' 'I' @36  0 (0x00000000)
 - private volatile transient 'cachedConstructor' 'Ljava/lang/reflect/Constructor;' @40  null (0x00000000)
 - private transient 'name' 'Ljava/lang/String;' @44  null (0x00000000)
 - private transient 'module' 'Ljava/lang/Module;' @48  a 'java/lang/Module'{0x00000000840bd670} (0x840bd670)
 - private final 'classLoader' 'Ljava/lang/ClassLoader;' @52  null (0x00000000)
 - private transient 'classData' 'Ljava/lang/Object;' @56  null (0x00000000)
 - private transient 'packageName' 'Ljava/lang/String;' @60  null (0x00000000)
 - private final 'componentType' 'Ljava/lang/Class;' @64  null (0x00000000)
 - private volatile transient 'reflectionData' 'Ljava/lang/ref/SoftReference;' @68  null (0x00000000)
 - private volatile transient 'genericInfo' 'Lsun/reflect/generics/repository/ClassRepository;' @72  null (0x00000000)
 - private volatile transient 'enumConstants' '[Ljava/lang/Object;' @76  null (0x00000000)
 - private volatile transient 'enumConstantDirectory' 'Ljava/util/Map;' @80  null (0x00000000)
 - private volatile transient 'annotationData' 'Ljava/lang/Class$AnnotationData;' @84  null (0x00000000)
 - private volatile transient 'annotationType' 'Lsun/reflect/annotation/AnnotationType;' @88  null (0x00000000)
 - transient 'classValueMap' 'Ljava/lang/ClassValue$ClassValueMap;' @92  null (0x00000000)
 - injected 'protection_domain' 'Ljava/lang/Object;' @96  null (0x00000000)
 - injected 'signers_name' 'Ljava/lang/Object;' @100  null (0x00000000)
 - injected 'source_file' 'Ljava/lang/Object;' @104  null (0x00000000)
 - injected '<init_lock>' 'Ljava/lang/Object;' @108  null (0x00000000)
 - signature: Ljava/lang/invoke/DirectMethodHandle$Holder;
 - ---- static fields (0):
stack at sp + 7 slots: {method} {0x0000016a920b3be0} 'invokeVirtual' '(Ljava/lang/Object;Ljava/lang/Object;)Ljava/lang/Object;' in 'java/lang/invoke/DirectMethodHandle$Holder'

MethodHandle::interpreter_entry::_linkToVirtual [0x0000016a89349357, 0x0000016a893493aa] (83 bytes)
[MachCode]
  0x0000016a89349357: 660f 1f84 | 0000 0000 | 0048 8b53 | 080f b752 | 2e48 8b0c | d458 5b50 | 448b 5108 | 49bb 0000 
  0x0000016a89349377: 0092 6a01 | 0000 4d03 | d34c 8b5b | 104b 8b9c | dac0 0100 | 0048 85db | 0f84 1000 | 0000 4180 
  0x0000016a89349397: bfd8 0500 | 0000 7403 | ff63 38ff | 6350 e956 | 
[/MachCode]

---------------  P R O C E S S  ---------------

Threads class SMR info:
_java_thread_list=0x0000016ada0b7530, length=38, elements={
0x0000016a915b2ae0, 0x0000016a915b3140, 0x0000016a915be760, 0x0000016a915c0dd0,
0x0000016a915c3440, 0x0000016a915c7ac0, 0x0000016a915d0130, 0x0000016a916eae80,
0x0000016a91756200, 0x0000016a91760840, 0x0000016a917633f0, 0x0000016ad7190790,
0x0000016ad72f5b10, 0x0000016ad72f6bf0, 0x0000016ad7374c50, 0x0000016ad7759a60,
0x0000016ad775a0c0, 0x0000016ad777b330, 0x0000016ad77da320, 0x0000016ad878dd10,
0x0000016ad878d680, 0x0000016ad878fde0, 0x0000016ad878e3a0, 0x0000016ad878ea30,
0x0000016ad878f0c0, 0x0000016ad878f750, 0x0000016ad8790470, 0x0000016ad9e84300,
0x0000016ad9e81ba0, 0x0000016ad9e80e80, 0x0000016ad9e81510, 0x0000016ad9e835e0,
0x0000016ad9e82230, 0x0000016ad9e83c70, 0x0000016ad9e84990, 0x0000016ad9e85020,
0x0000016ad9e856b0, 0x0000016ad9e85d40
}

Java Threads: ( => current thread )
  0x0000016a915b2ae0 JavaThread "Reference Handler"          daemon [_thread_blocked, id=14476, stack(0x0000003ab5900000,0x0000003ab5a00000) (1024K)]
  0x0000016a915b3140 JavaThread "Finalizer"                  daemon [_thread_blocked, id=14548, stack(0x0000003ab5a00000,0x0000003ab5b00000) (1024K)]
  0x0000016a915be760 JavaThread "Signal Dispatcher"          daemon [_thread_blocked, id=20468, stack(0x0000003ab5b00000,0x0000003ab5c00000) (1024K)]
  0x0000016a915c0dd0 JavaThread "Attach Listener"            daemon [_thread_blocked, id=2248, stack(0x0000003ab5c00000,0x0000003ab5d00000) (1024K)]
  0x0000016a915c3440 JavaThread "Service Thread"             daemon [_thread_blocked, id=6340, stack(0x0000003ab5d00000,0x0000003ab5e00000) (1024K)]
  0x0000016a915c7ac0 JavaThread "Monitor Deflation Thread"   daemon [_thread_blocked, id=6240, stack(0x0000003ab5e00000,0x0000003ab5f00000) (1024K)]
  0x0000016a915d0130 JavaThread "C1 CompilerThread0"         daemon [_thread_blocked, id=1784, stack(0x0000003ab5f00000,0x0000003ab6000000) (1024K)]
  0x0000016a916eae80 JavaThread "Common-Cleaner"             daemon [_thread_blocked, id=8508, stack(0x0000003ab6100000,0x0000003ab6200000) (1024K)]
  0x0000016a91756200 JavaThread "JDWP Transport Listener: dt_socket" daemon [_thread_blocked, id=13316, stack(0x0000003ab6200000,0x0000003ab6300000) (1024K)]
  0x0000016a91760840 JavaThread "JDWP Event Helper Thread"   daemon [_thread_blocked, id=11772, stack(0x0000003ab6300000,0x0000003ab6400000) (1024K)]
  0x0000016a917633f0 JavaThread "JDWP Command Reader"        daemon [_thread_in_native, id=11792, stack(0x0000003ab6400000,0x0000003ab6500000) (1024K)]
  0x0000016ad7190790 JavaThread "Notification Thread"        daemon [_thread_blocked, id=5728, stack(0x0000003ab6500000,0x0000003ab6600000) (1024K)]
  0x0000016ad72f5b10 JavaThread "RMI TCP Accept-0"           daemon [_thread_in_native, id=6228, stack(0x0000003ab6700000,0x0000003ab6800000) (1024K)]
  0x0000016ad72f6bf0 JavaThread "RMI TCP Accept-61605"       daemon [_thread_in_native, id=17232, stack(0x0000003ab6800000,0x0000003ab6900000) (1024K)]
  0x0000016ad7374c50 JavaThread "RMI TCP Accept-0"           daemon [_thread_in_native, id=1828, stack(0x0000003ab6900000,0x0000003ab6a00000) (1024K)]
  0x0000016ad7759a60 JavaThread "RMI Scheduler(0)"           daemon [_thread_blocked, id=17960, stack(0x0000003ab7200000,0x0000003ab7300000) (1024K)]
  0x0000016ad775a0c0 JavaThread "RMI TCP Connection(idle)"   daemon [_thread_blocked, id=10184, stack(0x0000003ab7300000,0x0000003ab7400000) (1024K)]
  0x0000016ad777b330 JavaThread "JMX server connection timeout 38" daemon [_thread_blocked, id=15800, stack(0x0000003ab7400000,0x0000003ab7500000) (1024K)]
  0x0000016ad77da320 JavaThread "Catalina-utility-1"                [_thread_blocked, id=20016, stack(0x0000003ab7700000,0x0000003ab7800000) (1024K)]
  0x0000016ad878dd10 JavaThread "Catalina-utility-2"                [_thread_blocked, id=6164, stack(0x0000003ab7a00000,0x0000003ab7b00000) (1024K)]
  0x0000016ad878d680 JavaThread "container-0"                       [_thread_blocked, id=10772, stack(0x0000003ab7b00000,0x0000003ab7c00000) (1024K)]
  0x0000016ad878fde0 JavaThread "mysql-cj-abandoned-connection-cleanup" daemon [_thread_blocked, id=9500, stack(0x0000003ab7c00000,0x0000003ab7d00000) (1024K)]
  0x0000016ad878e3a0 JavaThread "HikariPool-1 housekeeper"   daemon [_thread_blocked, id=14888, stack(0x0000003ab7e00000,0x0000003ab7f00000) (1024K)]
  0x0000016ad878ea30 JavaThread "File Watcher"               daemon [_thread_blocked, id=2484, stack(0x0000003ab8100000,0x0000003ab8200000) (1024K)]
  0x0000016ad878f0c0 JavaThread "Live Reload Server"         daemon [_thread_in_native, id=11112, stack(0x0000003ab8300000,0x0000003ab8400000) (1024K)]
  0x0000016ad878f750 JavaThread "http-nio-8081-exec-1"       daemon [_thread_blocked, id=6920, stack(0x0000003ab8200000,0x0000003ab8300000) (1024K)]
  0x0000016ad8790470 JavaThread "http-nio-8081-exec-2"       daemon [_thread_blocked, id=13240, stack(0x0000003ab8400000,0x0000003ab8500000) (1024K)]
  0x0000016ad9e84300 JavaThread "http-nio-8081-exec-3"       daemon [_thread_blocked, id=18440, stack(0x0000003ab8500000,0x0000003ab8600000) (1024K)]
  0x0000016ad9e81ba0 JavaThread "http-nio-8081-exec-4"       daemon [_thread_blocked, id=14428, stack(0x0000003ab8600000,0x0000003ab8700000) (1024K)]
=>0x0000016ad9e80e80 JavaThread "http-nio-8081-exec-5"       daemon [_thread_in_Java, id=10916, stack(0x0000003ab8700000,0x0000003ab8800000) (1024K)]
  0x0000016ad9e81510 JavaThread "http-nio-8081-exec-6"       daemon [_thread_blocked, id=4820, stack(0x0000003ab8800000,0x0000003ab8900000) (1024K)]
  0x0000016ad9e835e0 JavaThread "http-nio-8081-exec-7"       daemon [_thread_blocked, id=19048, stack(0x0000003ab8900000,0x0000003ab8a00000) (1024K)]
  0x0000016ad9e82230 JavaThread "http-nio-8081-exec-8"       daemon [_thread_blocked, id=9828, stack(0x0000003ab8a00000,0x0000003ab8b00000) (1024K)]
  0x0000016ad9e83c70 JavaThread "http-nio-8081-exec-9"       daemon [_thread_blocked, id=12180, stack(0x0000003ab8b00000,0x0000003ab8c00000) (1024K)]
  0x0000016ad9e84990 JavaThread "http-nio-8081-exec-10"      daemon [_thread_blocked, id=18308, stack(0x0000003ab8c00000,0x0000003ab8d00000) (1024K)]
  0x0000016ad9e85020 JavaThread "http-nio-8081-Poller"       daemon [_thread_in_native, id=17000, stack(0x0000003ab8d00000,0x0000003ab8e00000) (1024K)]
  0x0000016ad9e856b0 JavaThread "http-nio-8081-Acceptor"     daemon [_thread_in_native, id=16944, stack(0x0000003ab8e00000,0x0000003ab8f00000) (1024K)]
  0x0000016ad9e85d40 JavaThread "DestroyJavaVM"                     [_thread_blocked, id=14012, stack(0x0000003ab5100000,0x0000003ab5200000) (1024K)]
Total: 38

Other Threads:
  0x0000016a915994f0 VMThread "VM Thread"                           [id=8900, stack(0x0000003ab5800000,0x0000003ab5900000) (1024K)]
  0x0000016a9158a2e0 WatcherThread "VM Periodic Task Thread"        [id=14452, stack(0x0000003ab5700000,0x0000003ab5800000) (1024K)]
  0x0000016a859c17f0 WorkerThread "GC Thread#0"                     [id=8700, stack(0x0000003ab5200000,0x0000003ab5300000) (1024K)]
  0x0000016a8596b280 WorkerThread "GC Thread#1"                     [id=4040, stack(0x0000003ab6a00000,0x0000003ab6b00000) (1024K)]
  0x0000016ad737dae0 WorkerThread "GC Thread#2"                     [id=1220, stack(0x0000003ab6b00000,0x0000003ab6c00000) (1024K)]
  0x0000016ad733f3f0 WorkerThread "GC Thread#3"                     [id=13608, stack(0x0000003ab6c00000,0x0000003ab6d00000) (1024K)]
  0x0000016ad7346980 WorkerThread "GC Thread#4"                     [id=14140, stack(0x0000003ab6d00000,0x0000003ab6e00000) (1024K)]
  0x0000016ad7346d20 WorkerThread "GC Thread#5"                     [id=19932, stack(0x0000003ab6e00000,0x0000003ab6f00000) (1024K)]
  0x0000016ad73470c0 WorkerThread "GC Thread#6"                     [id=12184, stack(0x0000003ab6f00000,0x0000003ab7000000) (1024K)]
  0x0000016ad7347460 WorkerThread "GC Thread#7"                     [id=8304, stack(0x0000003ab7000000,0x0000003ab7100000) (1024K)]
  0x0000016a859d1f60 ConcurrentGCThread "G1 Main Marker"            [id=16980, stack(0x0000003ab5300000,0x0000003ab5400000) (1024K)]
  0x0000016a859d57b0 WorkerThread "G1 Conc#0"                       [id=16848, stack(0x0000003ab5400000,0x0000003ab5500000) (1024K)]
  0x0000016ad78c1480 WorkerThread "G1 Conc#1"                       [id=12408, stack(0x0000003ab7900000,0x0000003ab7a00000) (1024K)]
  0x0000016a85a1e640 ConcurrentGCThread "G1 Refine#0"               [id=1884, stack(0x0000003ab5500000,0x0000003ab5600000) (1024K)]
  0x0000016a914542f0 ConcurrentGCThread "G1 Service"                [id=18992, stack(0x0000003ab5600000,0x0000003ab5700000) (1024K)]
Total: 15

Threads with active compile tasks:
Total: 0

VM state: not at safepoint (normal execution)

VM Mutex/Monitor currently owned by a thread: None

Heap address: 0x0000000083c00000, size: 1988 MB, Compressed Oops mode: 32-bit

CDS archive(s) mapped at: [0x0000016a92000000-0x0000016a92c80000-0x0000016a92c80000), size 13107200, SharedBaseAddress: 0x0000016a92000000, ArchiveRelocationMode: 1.
Compressed class space mapped at: 0x0000016a93000000-0x0000016ad3000000, reserved size: 1073741824
Narrow klass base: 0x0000016a92000000, Narrow klass shift: 0, Narrow klass range: 0x100000000

GC Precious Log:
 CardTable entry size: 512
 Card Set container configuration: InlinePtr #cards 5 size 8 Array Of Cards #cards 12 size 40 Howl #buckets 4 coarsen threshold 1843 Howl Bitmap #cards 512 size 80 coarsen threshold 460 Card regions per heap region 1 cards per card region 2048
 CPUs: 8 total, 8 available
 Memory: 7948M
 Large Page Support: Disabled
 NUMA Support: Disabled
 Compressed Oops: Enabled (32-bit)
 Heap Region Size: 1M
 Heap Min Capacity: 8M
 Heap Initial Capacity: 126M
 Heap Max Capacity: 1988M
 Pre-touch: Disabled
 Parallel Workers: 8
 Concurrent Workers: 2
 Concurrent Refinement Workers: 8
 Periodic GC: Disabled

Heap:
 garbage-first heap   total 110592K, used 75351K [0x0000000083c00000, 0x0000000100000000)
  region size 1024K, 30 young (30720K), 4 survivors (4096K)
 Metaspace       used 73672K, committed 75136K, reserved 1179648K
  class space    used 9655K, committed 10176K, reserved 1048576K

Heap Regions: E=young(eden), S=young(survivor), O=old, HS=humongous(starts), HC=humongous(continues), CS=collection set, F=free, TAMS=top-at-mark-start, PB=parsable bottom
|   0|0x0000000083c00000, 0x0000000083d00000, 0x0000000083d00000|100%|HS|  |TAMS 0x0000000083c00000| PB 0x0000000083c00000| Complete 
|   1|0x0000000083d00000, 0x0000000083e00000, 0x0000000083e00000|100%|HS|  |TAMS 0x0000000083d00000| PB 0x0000000083d00000| Complete 
|   2|0x0000000083e00000, 0x0000000083f00000, 0x0000000083f00000|100%| O|  |TAMS 0x0000000083e00000| PB 0x0000000083e00000| Untracked 
|   3|0x0000000083f00000, 0x0000000084000000, 0x0000000084000000|100%| O|  |TAMS 0x0000000083f00000| PB 0x0000000083f00000| Untracked 
|   4|0x0000000084000000, 0x0000000084100000, 0x0000000084100000|100%| O|  |TAMS 0x0000000084000000| PB 0x0000000084000000| Untracked 
|   5|0x0000000084100000, 0x0000000084200000, 0x0000000084200000|100%| O|  |TAMS 0x0000000084100000| PB 0x0000000084100000| Untracked 
|   6|0x0000000084200000, 0x0000000084300000, 0x0000000084300000|100%| O|  |TAMS 0x0000000084200000| PB 0x0000000084200000| Untracked 
|   7|0x0000000084300000, 0x0000000084300000, 0x0000000084400000|  0%| F|  |TAMS 0x0000000084300000| PB 0x0000000084300000| Untracked 
|   8|0x0000000084400000, 0x0000000084500000, 0x0000000084500000|100%| O|  |TAMS 0x0000000084400000| PB 0x0000000084400000| Untracked 
|   9|0x0000000084500000, 0x0000000084600000, 0x0000000084600000|100%| O|  |TAMS 0x0000000084500000| PB 0x0000000084500000| Untracked 
|  10|0x0000000084600000, 0x0000000084700000, 0x0000000084700000|100%| O|  |TAMS 0x0000000084600000| PB 0x0000000084600000| Untracked 
|  11|0x0000000084700000, 0x0000000084800000, 0x0000000084800000|100%| O|  |TAMS 0x0000000084700000| PB 0x0000000084700000| Untracked 
|  12|0x0000000084800000, 0x0000000084900000, 0x0000000084900000|100%| O|  |TAMS 0x0000000084800000| PB 0x0000000084800000| Untracked 
|  13|0x0000000084900000, 0x0000000084a00000, 0x0000000084a00000|100%| O|  |TAMS 0x0000000084900000| PB 0x0000000084900000| Untracked 
|  14|0x0000000084a00000, 0x0000000084b00000, 0x0000000084b00000|100%| O|Cm|TAMS 0x0000000084a00000| PB 0x0000000084a00000| Complete 
|  15|0x0000000084b00000, 0x0000000084c00000, 0x0000000084c00000|100%| O|  |TAMS 0x0000000084b00000| PB 0x0000000084b00000| Untracked 
|  16|0x0000000084c00000, 0x0000000084d00000, 0x0000000084d00000|100%| O|Cm|TAMS 0x0000000084c00000| PB 0x0000000084c00000| Complete 
|  17|0x0000000084d00000, 0x0000000084e00000, 0x0000000084e00000|100%| O|  |TAMS 0x0000000084d00000| PB 0x0000000084d00000| Untracked 
|  18|0x0000000084e00000, 0x0000000084f00000, 0x0000000084f00000|100%| O|  |TAMS 0x0000000084e00000| PB 0x0000000084e00000| Untracked 
|  19|0x0000000084f00000, 0x0000000085000000, 0x0000000085000000|100%| O|Cm|TAMS 0x0000000084f00000| PB 0x0000000084f00000| Complete 
|  20|0x0000000085000000, 0x0000000085000000, 0x0000000085100000|  0%| F|  |TAMS 0x0000000085000000| PB 0x0000000085000000| Untracked 
|  21|0x0000000085100000, 0x0000000085200000, 0x0000000085200000|100%| O|  |TAMS 0x0000000085100000| PB 0x0000000085100000| Untracked 
|  22|0x0000000085200000, 0x0000000085300000, 0x0000000085300000|100%| O|  |TAMS 0x0000000085200000| PB 0x0000000085200000| Untracked 
|  23|0x0000000085300000, 0x0000000085400000, 0x0000000085400000|100%| O|  |TAMS 0x0000000085300000| PB 0x0000000085300000| Untracked 
|  24|0x0000000085400000, 0x0000000085500000, 0x0000000085500000|100%| O|  |TAMS 0x0000000085400000| PB 0x0000000085400000| Untracked 
|  25|0x0000000085500000, 0x0000000085600000, 0x0000000085600000|100%| O|  |TAMS 0x0000000085500000| PB 0x0000000085500000| Untracked 
|  26|0x0000000085600000, 0x0000000085700000, 0x0000000085700000|100%| O|  |TAMS 0x0000000085600000| PB 0x0000000085600000| Untracked 
|  27|0x0000000085700000, 0x0000000085800000, 0x0000000085800000|100%| O|  |TAMS 0x0000000085700000| PB 0x0000000085700000| Untracked 
|  28|0x0000000085800000, 0x0000000085900000, 0x0000000085900000|100%| O|  |TAMS 0x0000000085800000| PB 0x0000000085800000| Untracked 
|  29|0x0000000085900000, 0x0000000085a00000, 0x0000000085a00000|100%| O|  |TAMS 0x0000000085900000| PB 0x0000000085900000| Untracked 
|  30|0x0000000085a00000, 0x0000000085b00000, 0x0000000085b00000|100%| O|  |TAMS 0x0000000085a00000| PB 0x0000000085a00000| Untracked 
|  31|0x0000000085b00000, 0x0000000085c00000, 0x0000000085c00000|100%| O|  |TAMS 0x0000000085b00000| PB 0x0000000085b00000| Untracked 
|  32|0x0000000085c00000, 0x0000000085d00000, 0x0000000085d00000|100%| O|Cm|TAMS 0x0000000085c00000| PB 0x0000000085c00000| Complete 
|  33|0x0000000085d00000, 0x0000000085e00000, 0x0000000085e00000|100%| O|  |TAMS 0x0000000085d00000| PB 0x0000000085d00000| Untracked 
|  34|0x0000000085e00000, 0x0000000085f00000, 0x0000000085f00000|100%| O|  |TAMS 0x0000000085e00000| PB 0x0000000085e00000| Untracked 
|  35|0x0000000085f00000, 0x0000000086000000, 0x0000000086000000|100%| O|  |TAMS 0x0000000085f00000| PB 0x0000000085f00000| Untracked 
|  36|0x0000000086000000, 0x0000000086100000, 0x0000000086100000|100%| O|  |TAMS 0x0000000086000000| PB 0x0000000086000000| Untracked 
|  37|0x0000000086100000, 0x0000000086200000, 0x0000000086200000|100%| O|  |TAMS 0x0000000086100000| PB 0x0000000086100000| Untracked 
|  38|0x0000000086200000, 0x0000000086300000, 0x0000000086300000|100%| O|  |TAMS 0x0000000086200000| PB 0x0000000086200000| Untracked 
|  39|0x0000000086300000, 0x0000000086400000, 0x0000000086400000|100%| O|  |TAMS 0x0000000086300000| PB 0x0000000086300000| Untracked 
|  40|0x0000000086400000, 0x0000000086500000, 0x0000000086500000|100%| O|  |TAMS 0x0000000086400000| PB 0x0000000086400000| Untracked 
|  41|0x0000000086500000, 0x0000000086600000, 0x0000000086600000|100%| O|  |TAMS 0x0000000086500000| PB 0x0000000086500000| Untracked 
|  42|0x0000000086600000, 0x0000000086700000, 0x0000000086700000|100%| O|Cm|TAMS 0x0000000086600000| PB 0x0000000086600000| Complete 
|  43|0x0000000086700000, 0x0000000086800000, 0x0000000086800000|100%| O|  |TAMS 0x0000000086700000| PB 0x0000000086700000| Untracked 
|  44|0x0000000086800000, 0x0000000086900000, 0x0000000086900000|100%| O|Cm|TAMS 0x0000000086800000| PB 0x0000000086800000| Complete 
|  45|0x0000000086900000, 0x0000000086a00000, 0x0000000086a00000|100%| O|Cm|TAMS 0x0000000086900000| PB 0x0000000086900000| Complete 
|  46|0x0000000086a00000, 0x0000000086a10760, 0x0000000086b00000|  6%| O|  |TAMS 0x0000000086a00000| PB 0x0000000086a00000| Untracked 
|  47|0x0000000086b00000, 0x0000000086b00000, 0x0000000086c00000|  0%| F|  |TAMS 0x0000000086b00000| PB 0x0000000086b00000| Untracked 
|  48|0x0000000086c00000, 0x0000000086c00000, 0x0000000086d00000|  0%| F|  |TAMS 0x0000000086c00000| PB 0x0000000086c00000| Untracked 
|  49|0x0000000086d00000, 0x0000000086d00000, 0x0000000086e00000|  0%| F|  |TAMS 0x0000000086d00000| PB 0x0000000086d00000| Untracked 
|  50|0x0000000086e00000, 0x0000000086e00000, 0x0000000086f00000|  0%| F|  |TAMS 0x0000000086e00000| PB 0x0000000086e00000| Untracked 
|  51|0x0000000086f00000, 0x0000000086f855c0, 0x0000000087000000| 52%| S|CS|TAMS 0x0000000086f00000| PB 0x0000000086f00000| Complete 
|  52|0x0000000087000000, 0x0000000087100000, 0x0000000087100000|100%| S|CS|TAMS 0x0000000087000000| PB 0x0000000087000000| Complete 
|  53|0x0000000087100000, 0x0000000087100000, 0x0000000087200000|  0%| F|  |TAMS 0x0000000087100000| PB 0x0000000087100000| Untracked 
|  54|0x0000000087200000, 0x0000000087200000, 0x0000000087300000|  0%| F|  |TAMS 0x0000000087200000| PB 0x0000000087200000| Untracked 
|  55|0x0000000087300000, 0x0000000087300000, 0x0000000087400000|  0%| F|  |TAMS 0x0000000087300000| PB 0x0000000087300000| Untracked 
|  56|0x0000000087400000, 0x0000000087500000, 0x0000000087500000|100%| S|CS|TAMS 0x0000000087400000| PB 0x0000000087400000| Complete 
|  57|0x0000000087500000, 0x0000000087600000, 0x0000000087600000|100%| S|CS|TAMS 0x0000000087500000| PB 0x0000000087500000| Complete 
|  58|0x0000000087600000, 0x0000000087600000, 0x0000000087700000|  0%| F|  |TAMS 0x0000000087600000| PB 0x0000000087600000| Untracked 
|  59|0x0000000087700000, 0x0000000087700000, 0x0000000087800000|  0%| F|  |TAMS 0x0000000087700000| PB 0x0000000087700000| Untracked 
|  60|0x0000000087800000, 0x0000000087800000, 0x0000000087900000|  0%| F|  |TAMS 0x0000000087800000| PB 0x0000000087800000| Untracked 
|  61|0x0000000087900000, 0x0000000087900000, 0x0000000087a00000|  0%| F|  |TAMS 0x0000000087900000| PB 0x0000000087900000| Untracked 
|  62|0x0000000087a00000, 0x0000000087a00000, 0x0000000087b00000|  0%| F|  |TAMS 0x0000000087a00000| PB 0x0000000087a00000| Untracked 
|  63|0x0000000087b00000, 0x0000000087b00000, 0x0000000087c00000|  0%| F|  |TAMS 0x0000000087b00000| PB 0x0000000087b00000| Untracked 
|  64|0x0000000087c00000, 0x0000000087c00000, 0x0000000087d00000|  0%| F|  |TAMS 0x0000000087c00000| PB 0x0000000087c00000| Untracked 
|  65|0x0000000087d00000, 0x0000000087d00000, 0x0000000087e00000|  0%| F|  |TAMS 0x0000000087d00000| PB 0x0000000087d00000| Untracked 
|  66|0x0000000087e00000, 0x0000000087e00000, 0x0000000087f00000|  0%| F|  |TAMS 0x0000000087e00000| PB 0x0000000087e00000| Untracked 
|  67|0x0000000087f00000, 0x0000000087f00000, 0x0000000088000000|  0%| F|  |TAMS 0x0000000087f00000| PB 0x0000000087f00000| Untracked 
|  68|0x0000000088000000, 0x0000000088000000, 0x0000000088100000|  0%| F|  |TAMS 0x0000000088000000| PB 0x0000000088000000| Untracked 
|  69|0x0000000088100000, 0x0000000088100000, 0x0000000088200000|  0%| F|  |TAMS 0x0000000088100000| PB 0x0000000088100000| Untracked 
|  70|0x0000000088200000, 0x0000000088200000, 0x0000000088300000|  0%| F|  |TAMS 0x0000000088200000| PB 0x0000000088200000| Untracked 
|  71|0x0000000088300000, 0x0000000088300000, 0x0000000088400000|  0%| F|  |TAMS 0x0000000088300000| PB 0x0000000088300000| Untracked 
|  72|0x0000000088400000, 0x0000000088400000, 0x0000000088500000|  0%| F|  |TAMS 0x0000000088400000| PB 0x0000000088400000| Untracked 
|  73|0x0000000088500000, 0x0000000088500000, 0x0000000088600000|  0%| F|  |TAMS 0x0000000088500000| PB 0x0000000088500000| Untracked 
|  74|0x0000000088600000, 0x0000000088600000, 0x0000000088700000|  0%| F|  |TAMS 0x0000000088600000| PB 0x0000000088600000| Untracked 
|  75|0x0000000088700000, 0x0000000088700000, 0x0000000088800000|  0%| F|  |TAMS 0x0000000088700000| PB 0x0000000088700000| Untracked 
|  76|0x0000000088800000, 0x0000000088800000, 0x0000000088900000|  0%| F|  |TAMS 0x0000000088800000| PB 0x0000000088800000| Untracked 
|  77|0x0000000088900000, 0x0000000088900000, 0x0000000088a00000|  0%| F|  |TAMS 0x0000000088900000| PB 0x0000000088900000| Untracked 
|  78|0x0000000088a00000, 0x0000000088a00000, 0x0000000088b00000|  0%| F|  |TAMS 0x0000000088a00000| PB 0x0000000088a00000| Untracked 
|  79|0x0000000088b00000, 0x0000000088b00000, 0x0000000088c00000|  0%| F|  |TAMS 0x0000000088b00000| PB 0x0000000088b00000| Untracked 
|  80|0x0000000088c00000, 0x0000000088c00000, 0x0000000088d00000|  0%| F|  |TAMS 0x0000000088c00000| PB 0x0000000088c00000| Untracked 
|  81|0x0000000088d00000, 0x0000000088dfae28, 0x0000000088e00000| 98%| E|  |TAMS 0x0000000088d00000| PB 0x0000000088d00000| Complete 
|  82|0x0000000088e00000, 0x0000000088f00000, 0x0000000088f00000|100%| E|CS|TAMS 0x0000000088e00000| PB 0x0000000088e00000| Complete 
|  83|0x0000000088f00000, 0x0000000089000000, 0x0000000089000000|100%| E|CS|TAMS 0x0000000088f00000| PB 0x0000000088f00000| Complete 
|  84|0x0000000089000000, 0x0000000089100000, 0x0000000089100000|100%| E|CS|TAMS 0x0000000089000000| PB 0x0000000089000000| Complete 
|  85|0x0000000089100000, 0x0000000089200000, 0x0000000089200000|100%| E|CS|TAMS 0x0000000089100000| PB 0x0000000089100000| Complete 
|  86|0x0000000089200000, 0x0000000089300000, 0x0000000089300000|100%| E|CS|TAMS 0x0000000089200000| PB 0x0000000089200000| Complete 
|  87|0x0000000089300000, 0x0000000089400000, 0x0000000089400000|100%| E|CS|TAMS 0x0000000089300000| PB 0x0000000089300000| Complete 
|  88|0x0000000089400000, 0x0000000089500000, 0x0000000089500000|100%| E|CS|TAMS 0x0000000089400000| PB 0x0000000089400000| Complete 
|  89|0x0000000089500000, 0x0000000089600000, 0x0000000089600000|100%| E|CS|TAMS 0x0000000089500000| PB 0x0000000089500000| Complete 
|  90|0x0000000089600000, 0x0000000089700000, 0x0000000089700000|100%| E|CS|TAMS 0x0000000089600000| PB 0x0000000089600000| Complete 
|  91|0x0000000089700000, 0x0000000089800000, 0x0000000089800000|100%| E|CS|TAMS 0x0000000089700000| PB 0x0000000089700000| Complete 
|  92|0x0000000089800000, 0x0000000089900000, 0x0000000089900000|100%| E|CS|TAMS 0x0000000089800000| PB 0x0000000089800000| Complete 
|  93|0x0000000089900000, 0x0000000089a00000, 0x0000000089a00000|100%| E|CS|TAMS 0x0000000089900000| PB 0x0000000089900000| Complete 
|  94|0x0000000089a00000, 0x0000000089b00000, 0x0000000089b00000|100%| E|CS|TAMS 0x0000000089a00000| PB 0x0000000089a00000| Complete 
|  95|0x0000000089b00000, 0x0000000089c00000, 0x0000000089c00000|100%| E|CS|TAMS 0x0000000089b00000| PB 0x0000000089b00000| Complete 
|  96|0x0000000089c00000, 0x0000000089d00000, 0x0000000089d00000|100%| E|CS|TAMS 0x0000000089c00000| PB 0x0000000089c00000| Complete 
|  97|0x0000000089d00000, 0x0000000089e00000, 0x0000000089e00000|100%| E|CS|TAMS 0x0000000089d00000| PB 0x0000000089d00000| Complete 
|  98|0x0000000089e00000, 0x0000000089f00000, 0x0000000089f00000|100%| E|CS|TAMS 0x0000000089e00000| PB 0x0000000089e00000| Complete 
|  99|0x0000000089f00000, 0x000000008a000000, 0x000000008a000000|100%| E|CS|TAMS 0x0000000089f00000| PB 0x0000000089f00000| Complete 
| 100|0x000000008a000000, 0x000000008a100000, 0x000000008a100000|100%| E|CS|TAMS 0x000000008a000000| PB 0x000000008a000000| Complete 
| 101|0x000000008a100000, 0x000000008a200000, 0x000000008a200000|100%| E|CS|TAMS 0x000000008a100000| PB 0x000000008a100000| Complete 
| 102|0x000000008a200000, 0x000000008a300000, 0x000000008a300000|100%| E|CS|TAMS 0x000000008a200000| PB 0x000000008a200000| Complete 
| 103|0x000000008a300000, 0x000000008a400000, 0x000000008a400000|100%| E|CS|TAMS 0x000000008a300000| PB 0x000000008a300000| Complete 
| 104|0x000000008a400000, 0x000000008a500000, 0x000000008a500000|100%| E|CS|TAMS 0x000000008a400000| PB 0x000000008a400000| Complete 
| 124|0x000000008b800000, 0x000000008b900000, 0x000000008b900000|100%| E|CS|TAMS 0x000000008b800000| PB 0x000000008b800000| Complete 
| 125|0x000000008b900000, 0x000000008ba00000, 0x000000008ba00000|100%| E|CS|TAMS 0x000000008b900000| PB 0x000000008b900000| Complete 
|1987|0x00000000fff00000, 0x0000000100000000, 0x0000000100000000|100%| O|  |TAMS 0x00000000fff00000| PB 0x00000000fff00000| Untracked 

Card table byte_map: [0x0000016a8c7f0000,0x0000016a8cbe0000] _byte_map_base: 0x0000016a8c3d2000

Marking Bits: (CMBitMap*) 0x0000016a859c1e00
 Bits: [0x0000016a8cbe0000, 0x0000016a8eaf0000)

Polling page: 0x0000016a85120000

Metaspace:

Usage:
  Non-class:     62.52 MB used.
      Class:      9.43 MB used.
       Both:     71.95 MB used.

Virtual space:
  Non-class space:      128.00 MB reserved,      63.44 MB ( 50%) committed,  2 nodes.
      Class space:        1.00 GB reserved,       9.94 MB ( <1%) committed,  1 nodes.
             Both:        1.12 GB reserved,      73.38 MB (  6%) committed. 

Chunk freelists:
   Non-Class:  16.46 MB
       Class:  6.31 MB
        Both:  22.77 MB

MaxMetaspaceSize: unlimited
CompressedClassSpaceSize: 1.00 GB
Initial GC threshold: 21.00 MB
Current GC threshold: 122.31 MB
CDS: on
 - commit_granule_bytes: 65536.
 - commit_granule_words: 8192.
 - virtual_space_node_default_size: 8388608.
 - enlarge_chunks_in_place: 1.
 - use_allocation_guard: 0.


Internal statistics:

num_allocs_failed_limit: 6.
num_arena_births: 1250.
num_arena_deaths: 570.
num_vsnodes_births: 3.
num_vsnodes_deaths: 0.
num_space_committed: 1174.
num_space_uncommitted: 0.
num_chunks_returned_to_freelist: 713.
num_chunks_taken_from_freelist: 3973.
num_chunk_merges: 212.
num_chunk_splits: 2773.
num_chunks_enlarged: 2046.
num_inconsistent_stats: 0.

CodeCache: size=49152Kb used=13660Kb max_used=17526Kb free=35491Kb
 bounds [0x0000016a892f0000, 0x0000016a8a440000, 0x0000016a8c2f0000]
 total_blobs=7518 nmethods=6767 adapters=673
 compilation: enabled
              stopped_count=0, restarted_count=0
 full_count=0

Compilation events (20 events):
Event: 155.445 Thread 0x0000016a915d0130 9669       1       java.util.concurrent.locks.AbstractQueuedSynchronizer::enqueue (72 bytes)
Event: 155.446 Thread 0x0000016a915d0130 nmethod 9669 0x0000016a89511010 code [0x0000016a89511200, 0x0000016a895115c0]
Event: 160.814 Thread 0x0000016a915d0130 9670       1       org.apache.tomcat.util.net.SocketProperties::getTimeoutInterval (5 bytes)
Event: 160.814 Thread 0x0000016a915d0130 nmethod 9670 0x0000016a8941ec10 code [0x0000016a8941eda0, 0x0000016a8941ee68]
Event: 162.937 Thread 0x0000016a915d0130 9671   !   1       java.lang.Thread::sleep (82 bytes)
Event: 162.937 Thread 0x0000016a915d0130 nmethod 9671 0x0000016a8999f490 code [0x0000016a8999f680, 0x0000016a8999f9d0]
Event: 162.937 Thread 0x0000016a915d0130 9672   !   1       java.lang.Thread::beforeSleep (33 bytes)
Event: 162.937 Thread 0x0000016a915d0130 nmethod 9672 0x0000016a894b2510 code [0x0000016a894b26a0, 0x0000016a894b2750]
Event: 162.937 Thread 0x0000016a915d0130 9673       1       jdk.internal.event.ThreadSleepEvent::isTurnedOn (7 bytes)
Event: 162.937 Thread 0x0000016a915d0130 nmethod 9673 0x0000016a894bbb10 code [0x0000016a894bbca0, 0x0000016a894bbd48]
Event: 165.208 Thread 0x0000016a915d0130 9674   !   1       java.lang.Thread::afterSleep (13 bytes)
Event: 165.209 Thread 0x0000016a915d0130 nmethod 9674 0x0000016a894faa10 code [0x0000016a894faba0, 0x0000016a894fac98]
Event: 173.125 Thread 0x0000016a915d0130 9675       1       java.util.concurrent.locks.AbstractQueuedSynchronizer$ConditionObject::awaitNanos (207 bytes)
Event: 173.127 Thread 0x0000016a915d0130 nmethod 9675 0x0000016a898d8910 code [0x0000016a898d8b80, 0x0000016a898d9308]
Event: 177.731 Thread 0x0000016a915d0130 9676       1       org.springframework.boot.devtools.filewatch.FileSystemWatcher$Watcher::isDifferent (105 bytes)
Event: 177.732 Thread 0x0000016a915d0130 nmethod 9676 0x0000016a8954d910 code [0x0000016a8954db80, 0x0000016a8954dff0]
Event: 177.732 Thread 0x0000016a915d0130 9677       1       org.springframework.boot.devtools.filewatch.DirectorySnapshot::equals (46 bytes)
Event: 177.732 Thread 0x0000016a915d0130 nmethod 9677 0x0000016a8976c790 code [0x0000016a8976c960, 0x0000016a8976cc18]
Event: 177.733 Thread 0x0000016a915d0130 9678       1       java.util.Collections$UnmodifiableSet::equals (24 bytes)
Event: 177.733 Thread 0x0000016a915d0130 nmethod 9678 0x0000016a8950d810 code [0x0000016a8950d9c0, 0x0000016a8950dae8]

GC Heap History (20 events):
Event: 8.864 GC heap before
{Heap before GC invocations=27 (full 0):
 garbage-first heap   total 92160K, used 84029K [0x0000000083c00000, 0x0000000100000000)
  region size 1024K, 50 young (51200K), 2 survivors (2048K)
 Metaspace       used 58294K, committed 59008K, reserved 1114112K
  class space    used 7870K, committed 8192K, reserved 1048576K
}
Event: 8.870 GC heap after
{Heap after GC invocations=28 (full 0):
 garbage-first heap   total 92160K, used 35469K [0x0000000083c00000, 0x0000000100000000)
  region size 1024K, 3 young (3072K), 3 survivors (3072K)
 Metaspace       used 58294K, committed 59008K, reserved 1114112K
  class space    used 7870K, committed 8192K, reserved 1048576K
}
Event: 9.236 GC heap before
{Heap before GC invocations=28 (full 0):
 garbage-first heap   total 92160K, used 82573K [0x0000000083c00000, 0x0000000100000000)
  region size 1024K, 49 young (50176K), 3 survivors (3072K)
 Metaspace       used 58623K, committed 59264K, reserved 1114112K
  class space    used 7905K, committed 8192K, reserved 1048576K
}
Event: 9.243 GC heap after
{Heap after GC invocations=29 (full 0):
 garbage-first heap   total 92160K, used 35832K [0x0000000083c00000, 0x0000000100000000)
  region size 1024K, 3 young (3072K), 3 survivors (3072K)
 Metaspace       used 58623K, committed 59264K, reserved 1114112K
  class space    used 7905K, committed 8192K, reserved 1048576K
}
Event: 9.581 GC heap before
{Heap before GC invocations=29 (full 0):
 garbage-first heap   total 92160K, used 82936K [0x0000000083c00000, 0x0000000100000000)
  region size 1024K, 49 young (50176K), 3 survivors (3072K)
 Metaspace       used 58951K, committed 59648K, reserved 1114112K
  class space    used 7943K, committed 8256K, reserved 1048576K
}
Event: 9.588 GC heap after
{Heap after GC invocations=30 (full 0):
 garbage-first heap   total 92160K, used 36642K [0x0000000083c00000, 0x0000000100000000)
  region size 1024K, 4 young (4096K), 4 survivors (4096K)
 Metaspace       used 58951K, committed 59648K, reserved 1114112K
  class space    used 7943K, committed 8256K, reserved 1048576K
}
Event: 10.150 GC heap before
{Heap before GC invocations=31 (full 0):
 garbage-first heap   total 92160K, used 81698K [0x0000000083c00000, 0x0000000100000000)
  region size 1024K, 48 young (49152K), 4 survivors (4096K)
 Metaspace       used 61417K, committed 62080K, reserved 1114112K
  class space    used 8344K, committed 8640K, reserved 1048576K
}
Event: 10.156 GC heap after
{Heap after GC invocations=32 (full 0):
 garbage-first heap   total 92160K, used 39706K [0x0000000083c00000, 0x0000000100000000)
  region size 1024K, 6 young (6144K), 6 survivors (6144K)
 Metaspace       used 61417K, committed 62080K, reserved 1114112K
  class space    used 8344K, committed 8640K, reserved 1048576K
}
Event: 29.932 GC heap before
{Heap before GC invocations=32 (full 0):
 garbage-first heap   total 92160K, used 80666K [0x0000000083c00000, 0x0000000100000000)
  region size 1024K, 46 young (47104K), 6 survivors (6144K)
 Metaspace       used 63411K, committed 64128K, reserved 1114112K
  class space    used 8507K, committed 8832K, reserved 1048576K
}
Event: 29.941 GC heap after
{Heap after GC invocations=33 (full 0):
 garbage-first heap   total 110592K, used 41738K [0x0000000083c00000, 0x0000000100000000)
  region size 1024K, 6 young (6144K), 6 survivors (6144K)
 Metaspace       used 63411K, committed 64128K, reserved 1114112K
  class space    used 8507K, committed 8832K, reserved 1048576K
}
Event: 30.490 GC heap before
{Heap before GC invocations=33 (full 0):
 garbage-first heap   total 110592K, used 97034K [0x0000000083c00000, 0x0000000100000000)
  region size 1024K, 60 young (61440K), 6 survivors (6144K)
 Metaspace       used 65800K, committed 66560K, reserved 1114112K
  class space    used 8726K, committed 9088K, reserved 1048576K
}
Event: 30.496 GC heap after
{Heap after GC invocations=34 (full 0):
 garbage-first heap   total 110592K, used 45515K [0x0000000083c00000, 0x0000000100000000)
  region size 1024K, 6 young (6144K), 6 survivors (6144K)
 Metaspace       used 65800K, committed 66560K, reserved 1114112K
  class space    used 8726K, committed 9088K, reserved 1048576K
}
Event: 36.216 GC heap before
{Heap before GC invocations=34 (full 0):
 garbage-first heap   total 110592K, used 97739K [0x0000000083c00000, 0x0000000100000000)
  region size 1024K, 57 young (58368K), 6 survivors (6144K)
 Metaspace       used 68695K, committed 69440K, reserved 1114112K
  class space    used 9109K, committed 9472K, reserved 1048576K
}
Event: 36.226 GC heap after
{Heap after GC invocations=35 (full 0):
 garbage-first heap   total 110592K, used 47927K [0x0000000083c00000, 0x0000000100000000)
  region size 1024K, 7 young (7168K), 7 survivors (7168K)
 Metaspace       used 68695K, committed 69440K, reserved 1114112K
  class space    used 9109K, committed 9472K, reserved 1048576K
}
Event: 38.371 GC heap before
{Heap before GC invocations=36 (full 0):
 garbage-first heap   total 110592K, used 95031K [0x0000000083c00000, 0x0000000100000000)
  region size 1024K, 54 young (55296K), 7 survivors (7168K)
 Metaspace       used 73204K, committed 74048K, reserved 1114112K
  class space    used 9652K, committed 10048K, reserved 1048576K
}
Event: 38.381 GC heap after
{Heap after GC invocations=37 (full 0):
 garbage-first heap   total 110592K, used 49913K [0x0000000083c00000, 0x0000000100000000)
  region size 1024K, 6 young (6144K), 6 survivors (6144K)
 Metaspace       used 73204K, committed 74048K, reserved 1114112K
  class space    used 9652K, committed 10048K, reserved 1048576K
}
Event: 82.823 GC heap before
{Heap before GC invocations=37 (full 0):
 garbage-first heap   total 110592K, used 95993K [0x0000000083c00000, 0x0000000100000000)
  region size 1024K, 52 young (53248K), 6 survivors (6144K)
 Metaspace       used 74335K, committed 75136K, reserved 1179648K
  class space    used 9798K, committed 10176K, reserved 1048576K
}
Event: 82.838 GC heap after
{Heap after GC invocations=38 (full 0):
 garbage-first heap   total 110592K, used 49713K [0x0000000083c00000, 0x0000000100000000)
  region size 1024K, 4 young (4096K), 4 survivors (4096K)
 Metaspace       used 74335K, committed 75136K, reserved 1179648K
  class space    used 9798K, committed 10176K, reserved 1048576K
}
Event: 145.824 GC heap before
{Heap before GC invocations=38 (full 0):
 garbage-first heap   total 110592K, used 98865K [0x0000000083c00000, 0x0000000100000000)
  region size 1024K, 52 young (53248K), 4 survivors (4096K)
 Metaspace       used 74337K, committed 75136K, reserved 1179648K
  class space    used 9798K, committed 10176K, reserved 1048576K
}
Event: 145.831 GC heap after
{Heap after GC invocations=39 (full 0):
 garbage-first heap   total 110592K, used 49751K [0x0000000083c00000, 0x0000000100000000)
  region size 1024K, 4 young (4096K), 4 survivors (4096K)
 Metaspace       used 74337K, committed 75136K, reserved 1179648K
  class space    used 9798K, committed 10176K, reserved 1048576K
}

Dll operation events (12 events):
Event: 0.010 Loaded shared library C:\Users\ware\Documents\sts-4.24.0.RELEASE\plugins\org.eclipse.justj.openjdk.hotspot.jre.full.win32.x86_64_21.0.6.v20250130-0529\jre\bin\java.dll
Event: 0.037 Loaded shared library C:\Users\ware\Documents\sts-4.24.0.RELEASE\plugins\org.eclipse.justj.openjdk.hotspot.jre.full.win32.x86_64_21.0.6.v20250130-0529\jre\bin\zip.dll
Event: 0.253 Loaded shared library C:\Users\ware\Documents\sts-4.24.0.RELEASE\plugins\org.eclipse.justj.openjdk.hotspot.jre.full.win32.x86_64_21.0.6.v20250130-0529\jre\bin\instrument.dll
Event: 0.261 Loaded shared library C:\Users\ware\Documents\sts-4.24.0.RELEASE\plugins\org.eclipse.justj.openjdk.hotspot.jre.full.win32.x86_64_21.0.6.v20250130-0529\jre\bin\net.dll
Event: 0.263 Loaded shared library C:\Users\ware\Documents\sts-4.24.0.RELEASE\plugins\org.eclipse.justj.openjdk.hotspot.jre.full.win32.x86_64_21.0.6.v20250130-0529\jre\bin\nio.dll
Event: 0.267 Loaded shared library C:\Users\ware\Documents\sts-4.24.0.RELEASE\plugins\org.eclipse.justj.openjdk.hotspot.jre.full.win32.x86_64_21.0.6.v20250130-0529\jre\bin\zip.dll
Event: 0.458 Loaded shared library C:\Users\ware\Documents\sts-4.24.0.RELEASE\plugins\org.eclipse.justj.openjdk.hotspot.jre.full.win32.x86_64_21.0.6.v20250130-0529\jre\bin\jimage.dll
Event: 0.506 Loaded shared library C:\Users\ware\Documents\sts-4.24.0.RELEASE\plugins\org.eclipse.justj.openjdk.hotspot.jre.full.win32.x86_64_21.0.6.v20250130-0529\jre\bin\management.dll
Event: 0.517 Loaded shared library C:\Users\ware\Documents\sts-4.24.0.RELEASE\plugins\org.eclipse.justj.openjdk.hotspot.jre.full.win32.x86_64_21.0.6.v20250130-0529\jre\bin\management_ext.dll
Event: 0.736 Loaded shared library C:\Users\ware\Documents\sts-4.24.0.RELEASE\plugins\org.eclipse.justj.openjdk.hotspot.jre.full.win32.x86_64_21.0.6.v20250130-0529\jre\bin\extnet.dll
Event: 0.764 Loaded shared library C:\Users\ware\Documents\sts-4.24.0.RELEASE\plugins\org.eclipse.justj.openjdk.hotspot.jre.full.win32.x86_64_21.0.6.v20250130-0529\jre\bin\verify.dll
Event: 2.175 Loaded shared library C:\Users\ware\Documents\sts-4.24.0.RELEASE\plugins\org.eclipse.justj.openjdk.hotspot.jre.full.win32.x86_64_21.0.6.v20250130-0529\jre\bin\sunmscapi.dll

Deoptimization events (20 events):
Event: 38.128 Thread 0x0000016ad9e84300 DEOPT PACKING pc=0x0000016a897cf0d9 sp=0x0000003ab85fc1a0
Event: 38.128 Thread 0x0000016ad9e84300 DEOPT UNPACKING pc=0x0000016a893488e2 sp=0x0000003ab85fb5f8 mode 1
Event: 38.128 Thread 0x0000016ad9e84300 DEOPT PACKING pc=0x0000016a897bb8ac sp=0x0000003ab85fc230
Event: 38.128 Thread 0x0000016ad9e84300 DEOPT UNPACKING pc=0x0000016a893488e2 sp=0x0000003ab85fb6d8 mode 1
Event: 38.128 Thread 0x0000016ad9e84300 DEOPT PACKING pc=0x0000016a89793414 sp=0x0000003ab85fccb0
Event: 38.128 Thread 0x0000016ad9e84300 DEOPT UNPACKING pc=0x0000016a893488e2 sp=0x0000003ab85fc178 mode 1
Event: 38.128 Thread 0x0000016ad9e84300 DEOPT PACKING pc=0x0000016a89ac3e4c sp=0x0000003ab85fcd40
Event: 38.128 Thread 0x0000016ad9e84300 DEOPT UNPACKING pc=0x0000016a893488e2 sp=0x0000003ab85fc360 mode 1
Event: 38.206 Thread 0x0000016ad9e84300 DEOPT PACKING pc=0x0000016a89be125c sp=0x0000003ab85fa840
Event: 38.206 Thread 0x0000016ad9e84300 DEOPT UNPACKING pc=0x0000016a893488e2 sp=0x0000003ab85f9d78 mode 1
Event: 38.206 Thread 0x0000016ad9e84300 DEOPT PACKING pc=0x0000016a89be24e4 sp=0x0000003ab85fa930
Event: 38.206 Thread 0x0000016ad9e84300 DEOPT UNPACKING pc=0x0000016a893488e2 sp=0x0000003ab85f9ee0 mode 1
Event: 38.206 Thread 0x0000016ad9e84300 DEOPT PACKING pc=0x0000016a89be3794 sp=0x0000003ab85faaa0
Event: 38.206 Thread 0x0000016ad9e84300 DEOPT UNPACKING pc=0x0000016a893488e2 sp=0x0000003ab85fa060 mode 1
Event: 38.339 Thread 0x0000016ad9e84300 DEOPT PACKING pc=0x0000016a8954c7ff sp=0x0000003ab85fbd70
Event: 38.339 Thread 0x0000016ad9e84300 DEOPT UNPACKING pc=0x0000016a893488e2 sp=0x0000003ab85fb2b8 mode 1
Event: 76.152 Thread 0x0000016ad775a0c0 DEOPT PACKING pc=0x0000016a8973bda4 sp=0x0000003ab73fee30
Event: 76.152 Thread 0x0000016ad775a0c0 DEOPT UNPACKING pc=0x0000016a893488e2 sp=0x0000003ab73fe2e0 mode 0
Event: 178.374 Thread 0x0000016ad9e80e80 DEOPT PACKING pc=0x0000016a8a0e57b4 sp=0x0000003ab87fd420
Event: 178.374 Thread 0x0000016ad9e80e80 DEOPT UNPACKING pc=0x0000016a893488e2 sp=0x0000003ab87fc8c8 mode 0

Classes loaded (20 events):
Event: 38.499 Loading class java/util/function/IntBinaryOperator
Event: 38.499 Loading class java/util/function/IntBinaryOperator done
Event: 38.499 Loading class java/util/stream/ReduceOps$7
Event: 38.500 Loading class java/util/stream/ReduceOps$7 done
Event: 38.500 Loading class java/util/stream/ReduceOps$6ReducingSink
Event: 38.500 Loading class java/util/stream/ReduceOps$6ReducingSink done
Event: 38.500 Loading class java/util/stream/ReferencePipeline$4$1
Event: 38.500 Loading class java/util/stream/ReferencePipeline$4$1 done
Event: 38.500 Loading class java/util/OptionalInt
Event: 38.501 Loading class java/util/OptionalInt done
Event: 38.511 Loading class java/lang/Throwable$WrappedPrintWriter
Event: 38.511 Loading class java/lang/Throwable$WrappedPrintWriter done
Event: 38.520 Loading class java/util/OptionalLong
Event: 38.520 Loading class java/util/OptionalLong done
Event: 38.520 Loading class java/util/OptionalDouble
Event: 38.520 Loading class java/util/OptionalDouble done
Event: 38.546 Loading class java/util/stream/LongStream
Event: 38.546 Loading class java/util/stream/LongStream done
Event: 38.546 Loading class java/util/stream/DoubleStream
Event: 38.547 Loading class java/util/stream/DoubleStream done

Classes unloaded (20 events):
Event: 145.873 Thread 0x0000016a915994f0 Unloading class 0x0000016a930c0800 'java/lang/invoke/LambdaForm$MH+0x0000016a930c0800'
Event: 145.873 Thread 0x0000016a915994f0 Unloading class 0x0000016a930c0400 'java/lang/invoke/LambdaForm$DMH+0x0000016a930c0400'
Event: 145.873 Thread 0x0000016a915994f0 Unloading class 0x0000016a930c0000 'java/lang/invoke/LambdaForm$DMH+0x0000016a930c0000'
Event: 145.873 Thread 0x0000016a915994f0 Unloading class 0x0000016a9300b800 'java/lang/invoke/LambdaForm$MH+0x0000016a9300b800'
Event: 145.873 Thread 0x0000016a915994f0 Unloading class 0x0000016a9300ac00 'java/lang/invoke/LambdaForm$MH+0x0000016a9300ac00'
Event: 145.873 Thread 0x0000016a915994f0 Unloading class 0x0000016a9300a800 'java/lang/invoke/LambdaForm$MH+0x0000016a9300a800'
Event: 145.873 Thread 0x0000016a915994f0 Unloading class 0x0000016a9300a400 'java/lang/invoke/LambdaForm$MH+0x0000016a9300a400'
Event: 145.873 Thread 0x0000016a915994f0 Unloading class 0x0000016a93009c00 'java/lang/invoke/LambdaForm$MH+0x0000016a93009c00'
Event: 145.873 Thread 0x0000016a915994f0 Unloading class 0x0000016a93009000 'java/lang/invoke/LambdaForm$MH+0x0000016a93009000'
Event: 145.873 Thread 0x0000016a915994f0 Unloading class 0x0000016a93008000 'java/lang/invoke/LambdaForm$MH+0x0000016a93008000'
Event: 145.873 Thread 0x0000016a915994f0 Unloading class 0x0000016a93007c00 'java/lang/invoke/LambdaForm$MH+0x0000016a93007c00'
Event: 145.873 Thread 0x0000016a915994f0 Unloading class 0x0000016a93007400 'java/lang/invoke/LambdaForm$MH+0x0000016a93007400'
Event: 145.873 Thread 0x0000016a915994f0 Unloading class 0x0000016a93006c00 'java/lang/invoke/LambdaForm$MH+0x0000016a93006c00'
Event: 145.873 Thread 0x0000016a915994f0 Unloading class 0x0000016a93006400 'java/lang/invoke/LambdaForm$MH+0x0000016a93006400'
Event: 145.873 Thread 0x0000016a915994f0 Unloading class 0x0000016a93005c00 'java/lang/invoke/LambdaForm$MH+0x0000016a93005c00'
Event: 145.873 Thread 0x0000016a915994f0 Unloading class 0x0000016a93005400 'java/lang/invoke/LambdaForm$MH+0x0000016a93005400'
Event: 145.873 Thread 0x0000016a915994f0 Unloading class 0x0000016a93004000 'java/lang/invoke/LambdaForm$MH+0x0000016a93004000'
Event: 145.873 Thread 0x0000016a915994f0 Unloading class 0x0000016a93003c00 'java/lang/invoke/LambdaForm$MH+0x0000016a93003c00'
Event: 145.873 Thread 0x0000016a915994f0 Unloading class 0x0000016a93003800 'java/lang/invoke/LambdaForm$MH+0x0000016a93003800'
Event: 145.873 Thread 0x0000016a915994f0 Unloading class 0x0000016a93003400 'java/lang/invoke/LambdaForm$MH+0x0000016a93003400'

Classes redefined (1 events):
Event: 178.408 Thread 0x0000016a915994f0 redefined class name=com.prog.controller.wholesellerandretailer.RetailerFeedbackOrComplaintController, count=1

Internal exceptions (20 events):
Event: 9.924 Thread 0x0000016ad77d9c90 Exception <a 'java/lang/IncompatibleClassChangeError'{0x00000000877503f8}: Found class java.lang.Object, but interface was expected> (0x00000000877503f8) 
thrown [s\src\hotspot\share\interpreter\linkResolver.cpp, line 840]
Event: 9.935 Thread 0x0000016ad77d9c90 Exception <a 'java/lang/NoSuchMethodError'{0x000000008768dce8}: 'java.lang.Object java.lang.invoke.DirectMethodHandle$Holder.newInvokeSpecial(java.lang.Object, java.lang.Object, java.lang.Object, java.lang.Object, java.lang.Object, java.lang.Object, java.lang.Object, int)'> (0x000000008768dce8) 
thrown [s\src\hotspot\share\interpreter\linkResolver.cpp, line 773]
Event: 9.935 Thread 0x0000016ad77d9c90 Exception <a 'java/lang/NoSuchMethodError'{0x0000000087692338}: 'java.lang.Object java.lang.invoke.DirectMethodHandle$Holder.invokeSpecial(java.lang.Object, java.lang.Object, java.lang.Object, java.lang.Object, java.lang.Object, java.lang.Object, java.lang.Object, java.lang.Object, int)'> (0x0000000087692338) 
thrown [s\src\hotspot\share\interpreter\linkResolver.cpp, line 773]
Event: 9.935 Thread 0x0000016ad77d9c90 Exception <a 'java/lang/NoSuchMethodError'{0x0000000087696370}: 'java.lang.Object java.lang.invoke.Invokers$Holder.linkToTargetMethod(java.lang.Object, java.lang.Object, java.lang.Object, java.lang.Object, java.lang.Object, java.lang.Object, int, java.lang.Object)'> (0x0000000087696370) 
thrown [s\src\hotspot\share\interpreter\linkResolver.cpp, line 773]
Event: 9.997 Thread 0x0000016ad77d9c90 Exception <a 'java/lang/NoSuchMethodError'{0x000000008722fdf0}: 'void java.lang.invoke.DirectMethodHandle$Holder.invokeInterface(java.lang.Object, java.lang.Object)'> (0x000000008722fdf0) 
thrown [s\src\hotspot\share\interpreter\linkResolver.cpp, line 773]
Event: 10.398 Thread 0x0000016ad77d9c90 Exception <a 'java/lang/NoSuchMethodError'{0x0000000088e09588}: 'void java.lang.invoke.Invokers$Holder.invokeExact_MT(java.lang.Object, java.lang.Object, java.lang.Object, java.lang.Object)'> (0x0000000088e09588) 
thrown [s\src\hotspot\share\interpreter\linkResolver.cpp, line 773]
Event: 10.429 Thread 0x0000016ad77d9c90 Exception <a 'java/lang/NoSuchMethodError'{0x0000000088ca6da0}: 'int java.lang.invoke.DirectMethodHandle$Holder.invokeStaticInit(java.lang.Object, int, java.lang.Object, java.lang.Object, java.lang.Object, java.lang.Object)'> (0x0000000088ca6da0) 
thrown [s\src\hotspot\share\interpreter\linkResolver.cpp, line 773]
Event: 30.294 Thread 0x0000016ad77d9c90 Exception <a 'java/lang/NoSuchMethodError'{0x00000000883b43a8}: 'java.lang.Object java.lang.invoke.DirectMethodHandle$Holder.newInvokeSpecial(java.lang.Object, java.lang.Object, java.lang.Object, java.lang.Object, java.lang.Object, java.lang.Object, java.lang.Object, java.lang.Object)'> (0x00000000883b43a8) 
thrown [s\src\hotspot\share\interpreter\linkResolver.cpp, line 773]
Event: 30.623 Thread 0x0000016ad77d9c90 Exception <a 'java/lang/IncompatibleClassChangeError'{0x0000000089bc9848}: Found class java.lang.Object, but interface was expected> (0x0000000089bc9848) 
thrown [s\src\hotspot\share\interpreter\linkResolver.cpp, line 840]
Event: 30.687 Thread 0x0000016ad77d9c90 Exception <a 'java/lang/NoSuchMethodError'{0x000000008975f8b8}: 'void java.lang.invoke.DirectMethodHandle$Holder.invokeVirtual(java.lang.Object, java.lang.Object, long)'> (0x000000008975f8b8) 
thrown [s\src\hotspot\share\interpreter\linkResolver.cpp, line 773]
Event: 30.760 Thread 0x0000016ad77d9c90 Exception <a 'java/lang/NoSuchMethodError'{0x000000008919d7e8}: 'int java.lang.invoke.DirectMethodHandle$Holder.invokeStaticInit(java.lang.Object, java.lang.Object, java.lang.Object, java.lang.Object)'> (0x000000008919d7e8) 
thrown [s\src\hotspot\share\interpreter\linkResolver.cpp, line 773]
Event: 30.858 Thread 0x0000016ad77d9c90 Exception <a 'java/lang/IncompatibleClassChangeError'{0x00000000889b7db8}: Found class java.lang.Object, but interface was expected> (0x00000000889b7db8) 
thrown [s\src\hotspot\share\interpreter\linkResolver.cpp, line 840]
Event: 30.917 Thread 0x0000016ad77d9c90 Exception <a 'java/lang/NoSuchMethodError'{0x00000000882ef0f8}: 'java.lang.Object java.lang.invoke.Invokers$Holder.invoke_MT(java.lang.Object, java.lang.Object, java.lang.Object, java.lang.Object, java.lang.Object, java.lang.Object, java.lang.Object, java.lang.Object, java.lang.Object, java.lang.Object, java.lang.Object)'> (0x00000000882ef0f8) 
thrown [s\src\hotspot\share\interpreter\linkResolver.cpp, line 773]
Event: 31.089 Thread 0x0000016ad77d9c90 Exception <a 'java/lang/NoSuchMethodError'{0x0000000087cfcf00}: 'java.lang.Object java.lang.invoke.DirectMethodHandle$Holder.newInvokeSpecial(java.lang.Object, java.lang.Object, int, java.lang.Object, java.lang.Object)'> (0x0000000087cfcf00) 
thrown [s\src\hotspot\share\interpreter\linkResolver.cpp, line 773]
Event: 37.975 Thread 0x0000016ad9e84300 Exception <a 'java/lang/NoSuchMethodError'{0x000000008a1b7d50}: 'java.lang.Object java.lang.invoke.DirectMethodHandle$Holder.invokeSpecial(java.lang.Object, java.lang.Object, java.lang.Object, java.lang.Object, java.lang.Object, long)'> (0x000000008a1b7d50) 
thrown [s\src\hotspot\share\interpreter\linkResolver.cpp, line 773]
Event: 37.975 Thread 0x0000016ad9e84300 Exception <a 'java/lang/NoSuchMethodError'{0x000000008a1bb540}: 'java.lang.Object java.lang.invoke.Invokers$Holder.linkToTargetMethod(java.lang.Object, java.lang.Object, java.lang.Object, long, java.lang.Object)'> (0x000000008a1bb540) 
thrown [s\src\hotspot\share\interpreter\linkResolver.cpp, line 773]
Event: 38.474 Thread 0x0000016ad9e81ba0 Exception <a 'java/lang/NoSuchMethodError'{0x000000008a463290}: 'java.lang.Object java.lang.invoke.DirectMethodHandle$Holder.invokeStatic(java.lang.Object, int, int)'> (0x000000008a463290) 
thrown [s\src\hotspot\share\interpreter\linkResolver.cpp, line 773]
Event: 38.474 Thread 0x0000016ad8790470 Exception <a 'java/lang/NoSuchMethodError'{0x000000008a472908}: 'java.lang.Object java.lang.invoke.DirectMethodHandle$Holder.invokeStatic(java.lang.Object, int, int)'> (0x000000008a472908) 
thrown [s\src\hotspot\share\interpreter\linkResolver.cpp, line 773]
Event: 38.474 Thread 0x0000016ad9e81510 Exception <a 'java/lang/NoSuchMethodError'{0x000000008a456f80}: 'java.lang.Object java.lang.invoke.DirectMethodHandle$Holder.invokeStatic(java.lang.Object, int, int)'> (0x000000008a456f80) 
thrown [s\src\hotspot\share\interpreter\linkResolver.cpp, line 773]
Event: 38.474 Thread 0x0000016ad878f750 Exception <a 'java/lang/NoSuchMethodError'{0x000000008a434768}: 'java.lang.Object java.lang.invoke.DirectMethodHandle$Holder.invokeStatic(java.lang.Object, int, int)'> (0x000000008a434768) 
thrown [s\src\hotspot\share\interpreter\linkResolver.cpp, line 773]

ZGC Phase Switch (0 events):
No events

VM Operations (20 events):
Event: 120.319 Executing VM operation: HandshakeAllThreads (HandshakeForDeflation)
Event: 120.319 Executing VM operation: HandshakeAllThreads (HandshakeForDeflation) done
Event: 120.319 Executing VM operation: RendezvousGCThreads
Event: 120.319 Executing VM operation: RendezvousGCThreads done
Event: 145.824 Executing VM operation: G1CollectForAllocation (G1 Evacuation Pause)
Event: 145.831 Executing VM operation: G1CollectForAllocation (G1 Evacuation Pause) done
Event: 145.871 Executing VM operation: G1PauseRemark
Event: 145.887 Executing VM operation: G1PauseRemark done
Event: 145.917 Executing VM operation: G1PauseCleanup
Event: 145.917 Executing VM operation: G1PauseCleanup done
Event: 178.374 Executing VM operation: ChangeSingleStep
Event: 178.374 Executing VM operation: ChangeSingleStep done
Event: 178.375 Executing VM operation: ChangeSingleStep
Event: 178.375 Executing VM operation: ChangeSingleStep done
Event: 178.398 Executing VM operation: RedefineClasses
Event: 178.432 Executing VM operation: RedefineClasses done
Event: 178.476 Executing VM operation: ChangeBreakpoints
Event: 178.479 Executing VM operation: ChangeBreakpoints done
Event: 178.485 Executing VM operation: ChangeSingleStep
Event: 178.485 Executing VM operation: ChangeSingleStep done

Memory protections (0 events):
No events

Nmethod flushes (20 events):
Event: 145.884 Thread 0x0000016a915994f0 flushing  nmethod 0x0000016a8a0c7b10
Event: 145.884 Thread 0x0000016a915994f0 flushing  nmethod 0x0000016a8a0c7e90
Event: 145.884 Thread 0x0000016a915994f0 flushing  nmethod 0x0000016a8a0c8190
Event: 145.884 Thread 0x0000016a915994f0 flushing  nmethod 0x0000016a8a0c8490
Event: 145.884 Thread 0x0000016a915994f0 flushing  nmethod 0x0000016a8a0c8810
Event: 145.884 Thread 0x0000016a915994f0 flushing  nmethod 0x0000016a8a0c8b90
Event: 145.884 Thread 0x0000016a915994f0 flushing  nmethod 0x0000016a8a0e2290
Event: 145.884 Thread 0x0000016a915994f0 flushing  nmethod 0x0000016a8a0e2590
Event: 145.884 Thread 0x0000016a915994f0 flushing  nmethod 0x0000016a8a0e4790
Event: 145.884 Thread 0x0000016a915994f0 flushing  nmethod 0x0000016a8a129890
Event: 145.884 Thread 0x0000016a915994f0 flushing  nmethod 0x0000016a8a129c10
Event: 145.884 Thread 0x0000016a915994f0 flushing  nmethod 0x0000016a8a129f90
Event: 145.884 Thread 0x0000016a915994f0 flushing  nmethod 0x0000016a8a12b610
Event: 145.884 Thread 0x0000016a915994f0 flushing  nmethod 0x0000016a8a146a90
Event: 145.884 Thread 0x0000016a915994f0 flushing  nmethod 0x0000016a8a147810
Event: 145.884 Thread 0x0000016a915994f0 flushing  nmethod 0x0000016a8a154b90
Event: 145.884 Thread 0x0000016a915994f0 flushing  nmethod 0x0000016a8a156390
Event: 145.884 Thread 0x0000016a915994f0 flushing  nmethod 0x0000016a8a15b890
Event: 145.884 Thread 0x0000016a915994f0 flushing  nmethod 0x0000016a8a32cf10
Event: 145.884 Thread 0x0000016a915994f0 flushing  nmethod 0x0000016a8a330490

Events (20 events):
Event: 31.100 Thread 0x0000016ad77d9c90 Thread added: 0x0000016ad9e835e0
Event: 31.101 Thread 0x0000016ad77d9c90 Thread added: 0x0000016ad9e82230
Event: 31.101 Thread 0x0000016ad77d9c90 Thread added: 0x0000016ad9e83c70
Event: 31.101 Thread 0x0000016ad77d9c90 Thread added: 0x0000016ad9e84990
Event: 31.118 Thread 0x0000016ad77d9c90 Thread added: 0x0000016ad9e85020
Event: 31.120 Thread 0x0000016ad77d9c90 Thread added: 0x0000016ad9e856b0
Event: 31.139 Thread 0x0000016ad77d9c90 Thread exited: 0x0000016ad77d9c90
Event: 31.143 Thread 0x0000016ad77db040 Thread exited: 0x0000016ad77db040
Event: 31.149 Thread 0x0000016a8596a700 Thread exited: 0x0000016a8596a700
Event: 31.149 Thread 0x0000016ad9e85d40 Thread added: 0x0000016ad9e85d40
Event: 31.764 Thread 0x0000016ad9ba8390 Thread exited: 0x0000016ad9ba8390
Event: 33.953 Thread 0x0000016ad9ba9800 Thread exited: 0x0000016ad9ba9800
Event: 33.953 Thread 0x0000016ad9ba7cc0 Thread exited: 0x0000016ad9ba7cc0
Event: 38.466 Thread 0x0000016a915d0130 Thread added: 0x0000016ada0b60a0
Event: 38.467 Thread 0x0000016a915d0130 Thread added: 0x0000016ada0b6e40
Event: 38.468 Thread 0x0000016ada0b6e40 Thread added: 0x0000016ada0b7be0
Event: 40.395 Thread 0x0000016ada0b7be0 Thread exited: 0x0000016ada0b7be0
Event: 50.397 Thread 0x0000016ada0b6e40 Thread exited: 0x0000016ada0b6e40
Event: 50.397 Thread 0x0000016ada0b60a0 Thread exited: 0x0000016ada0b60a0
Event: 91.026 Thread 0x0000016ad7700500 Thread exited: 0x0000016ad7700500


Dynamic libraries:
0x00007ff645ca0000 - 0x00007ff645cae000 	C:\Users\ware\Documents\sts-4.24.0.RELEASE\plugins\org.eclipse.justj.openjdk.hotspot.jre.full.win32.x86_64_21.0.6.v20250130-0529\jre\bin\javaw.exe
0x00007ffeba900000 - 0x00007ffebab68000 	C:\WINDOWS\SYSTEM32\ntdll.dll
0x00007ffeb8ea0000 - 0x00007ffeb8f69000 	C:\WINDOWS\System32\KERNEL32.DLL
0x00007ffeb7ec0000 - 0x00007ffeb82ad000 	C:\WINDOWS\System32\KERNELBASE.dll
0x00007ffeb8370000 - 0x00007ffeb84bb000 	C:\WINDOWS\System32\ucrtbase.dll
0x00007ffe36a40000 - 0x00007ffe36a5e000 	C:\Users\ware\Documents\sts-4.24.0.RELEASE\plugins\org.eclipse.justj.openjdk.hotspot.jre.full.win32.x86_64_21.0.6.v20250130-0529\jre\bin\VCRUNTIME140.dll
0x00007ffe37430000 - 0x00007ffe37448000 	C:\Users\ware\Documents\sts-4.24.0.RELEASE\plugins\org.eclipse.justj.openjdk.hotspot.jre.full.win32.x86_64_21.0.6.v20250130-0529\jre\bin\jli.dll
0x00007ffeb8f70000 - 0x00007ffeb913c000 	C:\WINDOWS\System32\USER32.dll
0x00007ffe996d0000 - 0x00007ffe9996a000 	C:\WINDOWS\WinSxS\amd64_microsoft.windows.common-controls_6595b64144ccf1df_6.0.26100.4484_none_3e0e6d4ce32ef3b3\COMCTL32.dll
0x00007ffeb7e90000 - 0x00007ffeb7eb7000 	C:\WINDOWS\System32\win32u.dll
0x00007ffeb8990000 - 0x00007ffeb8a39000 	C:\WINDOWS\System32\msvcrt.dll
0x00007ffeb9f50000 - 0x00007ffeb9f7b000 	C:\WINDOWS\System32\GDI32.dll
0x00007ffeb84c0000 - 0x00007ffeb85f7000 	C:\WINDOWS\System32\gdi32full.dll
0x00007ffeb7d50000 - 0x00007ffeb7df3000 	C:\WINDOWS\System32\msvcp_win.dll
0x00007ffeb9f00000 - 0x00007ffeb9f2f000 	C:\WINDOWS\System32\IMM32.DLL
0x00007ffe7cc10000 - 0x00007ffe7cc1c000 	C:\Users\ware\Documents\sts-4.24.0.RELEASE\plugins\org.eclipse.justj.openjdk.hotspot.jre.full.win32.x86_64_21.0.6.v20250130-0529\jre\bin\vcruntime140_1.dll
0x00007ffe36900000 - 0x00007ffe3698d000 	C:\Users\ware\Documents\sts-4.24.0.RELEASE\plugins\org.eclipse.justj.openjdk.hotspot.jre.full.win32.x86_64_21.0.6.v20250130-0529\jre\bin\msvcp140.dll
0x00007ffe69040000 - 0x00007ffe69dd0000 	C:\Users\ware\Documents\sts-4.24.0.RELEASE\plugins\org.eclipse.justj.openjdk.hotspot.jre.full.win32.x86_64_21.0.6.v20250130-0529\jre\bin\server\jvm.dll
0x00007ffeb9140000 - 0x00007ffeb91f4000 	C:\WINDOWS\System32\ADVAPI32.dll
0x00007ffeb8dc0000 - 0x00007ffeb8e66000 	C:\WINDOWS\System32\sechost.dll
0x00007ffeb8aa0000 - 0x00007ffeb8bb8000 	C:\WINDOWS\System32\RPCRT4.dll
0x00007ffeb8810000 - 0x00007ffeb8884000 	C:\WINDOWS\System32\WS2_32.dll
0x00007ffeb78a0000 - 0x00007ffeb78fe000 	C:\WINDOWS\SYSTEM32\POWRPROF.dll
0x00007ffeac710000 - 0x00007ffeac745000 	C:\WINDOWS\SYSTEM32\WINMM.dll
0x00007ffeadad0000 - 0x00007ffeadadb000 	C:\WINDOWS\SYSTEM32\VERSION.dll
0x00007ffeb7880000 - 0x00007ffeb7894000 	C:\WINDOWS\SYSTEM32\UMPDC.dll
0x00007ffeb67d0000 - 0x00007ffeb67eb000 	C:\WINDOWS\SYSTEM32\kernel.appcore.dll
0x00007ffe8afa0000 - 0x00007ffe8afaa000 	C:\Users\ware\Documents\sts-4.24.0.RELEASE\plugins\org.eclipse.justj.openjdk.hotspot.jre.full.win32.x86_64_21.0.6.v20250130-0529\jre\bin\jimage.dll
0x00007ffeb5090000 - 0x00007ffeb52d1000 	C:\WINDOWS\SYSTEM32\DBGHELP.DLL
0x00007ffeb95f0000 - 0x00007ffeb9976000 	C:\WINDOWS\System32\combase.dll
0x00007ffeb86a0000 - 0x00007ffeb8780000 	C:\WINDOWS\System32\OLEAUT32.dll
0x00007ffe95930000 - 0x00007ffe95973000 	C:\WINDOWS\SYSTEM32\dbgcore.DLL
0x00007ffeb8600000 - 0x00007ffeb8699000 	C:\WINDOWS\System32\bcryptPrimitives.dll
0x00007ffe9d900000 - 0x00007ffe9d93c000 	C:\Users\ware\Documents\sts-4.24.0.RELEASE\plugins\org.eclipse.justj.openjdk.hotspot.jre.full.win32.x86_64_21.0.6.v20250130-0529\jre\bin\jdwp.dll
0x00007ffeb2b40000 - 0x00007ffeb2b4f000 	C:\Users\ware\Documents\sts-4.24.0.RELEASE\plugins\org.eclipse.justj.openjdk.hotspot.jre.full.win32.x86_64_21.0.6.v20250130-0529\jre\bin\instrument.dll
0x00007ffe69020000 - 0x00007ffe6903f000 	C:\Users\ware\Documents\sts-4.24.0.RELEASE\plugins\org.eclipse.justj.openjdk.hotspot.jre.full.win32.x86_64_21.0.6.v20250130-0529\jre\bin\java.dll
0x00007ffeb9f80000 - 0x00007ffeba6ca000 	C:\WINDOWS\System32\SHELL32.dll
0x00007ffeb7a50000 - 0x00007ffeb7bc4000 	C:\WINDOWS\System32\wintypes.dll
0x00007ffeb5640000 - 0x00007ffeb5e9b000 	C:\WINDOWS\SYSTEM32\windows.storage.dll
0x00007ffeb8890000 - 0x00007ffeb8985000 	C:\WINDOWS\System32\SHCORE.dll
0x00007ffeb9e20000 - 0x00007ffeb9e8a000 	C:\WINDOWS\System32\shlwapi.dll
0x00007ffeb7960000 - 0x00007ffeb798f000 	C:\WINDOWS\SYSTEM32\profapi.dll
0x00007ffe69000000 - 0x00007ffe69018000 	C:\Users\ware\Documents\sts-4.24.0.RELEASE\plugins\org.eclipse.justj.openjdk.hotspot.jre.full.win32.x86_64_21.0.6.v20250130-0529\jre\bin\zip.dll
0x00007ffeb0400000 - 0x00007ffeb040b000 	C:\Users\ware\Documents\sts-4.24.0.RELEASE\plugins\org.eclipse.justj.openjdk.hotspot.jre.full.win32.x86_64_21.0.6.v20250130-0529\jre\bin\dt_socket.dll
0x00007ffeb61c0000 - 0x00007ffeb61f3000 	C:\WINDOWS\SYSTEM32\IPHLPAPI.DLL
0x00007ffeb6d50000 - 0x00007ffeb6dba000 	C:\WINDOWS\system32\mswsock.dll
0x00007ffeb6250000 - 0x00007ffeb6376000 	C:\WINDOWS\SYSTEM32\DNSAPI.dll
0x00007ffeb9300000 - 0x00007ffeb930a000 	C:\WINDOWS\System32\NSI.dll
0x00007ffeb2bf0000 - 0x00007ffeb2bfb000 	C:\Windows\System32\rasadhlp.dll
0x00007ffeb3e90000 - 0x00007ffeb3f16000 	C:\WINDOWS\System32\fwpuclnt.dll
0x00007ffe88a90000 - 0x00007ffe88aa0000 	C:\Users\ware\Documents\sts-4.24.0.RELEASE\plugins\org.eclipse.justj.openjdk.hotspot.jre.full.win32.x86_64_21.0.6.v20250130-0529\jre\bin\net.dll
0x00007ffeb2fd0000 - 0x00007ffeb30ee000 	C:\WINDOWS\SYSTEM32\WINHTTP.dll
0x00007ffe68fe0000 - 0x00007ffe68ff6000 	C:\Users\ware\Documents\sts-4.24.0.RELEASE\plugins\org.eclipse.justj.openjdk.hotspot.jre.full.win32.x86_64_21.0.6.v20250130-0529\jre\bin\nio.dll
0x00007ffe9f870000 - 0x00007ffe9f87a000 	C:\Users\ware\Documents\sts-4.24.0.RELEASE\plugins\org.eclipse.justj.openjdk.hotspot.jre.full.win32.x86_64_21.0.6.v20250130-0529\jre\bin\management.dll
0x00007ffe9f860000 - 0x00007ffe9f86b000 	C:\Users\ware\Documents\sts-4.24.0.RELEASE\plugins\org.eclipse.justj.openjdk.hotspot.jre.full.win32.x86_64_21.0.6.v20250130-0529\jre\bin\management_ext.dll
0x00007ffeb9e10000 - 0x00007ffeb9e18000 	C:\WINDOWS\System32\PSAPI.DLL
0x00007ffe8d440000 - 0x00007ffe8d458000 	C:\WINDOWS\system32\napinsp.dll
0x00007ffe8a960000 - 0x00007ffe8a972000 	C:\WINDOWS\System32\winrnr.dll
0x00007ffe89f00000 - 0x00007ffe89f30000 	C:\WINDOWS\system32\nlansp_c.dll
0x00007ffe89eb0000 - 0x00007ffe89ed0000 	C:\WINDOWS\system32\wshbth.dll
0x00007ffeb7010000 - 0x00007ffeb702b000 	C:\WINDOWS\SYSTEM32\CRYPTSP.dll
0x00007ffeb6730000 - 0x00007ffeb676a000 	C:\WINDOWS\system32\rsaenh.dll
0x00007ffeb6df0000 - 0x00007ffeb6e1b000 	C:\WINDOWS\SYSTEM32\USERENV.dll
0x00007ffeb7930000 - 0x00007ffeb7956000 	C:\WINDOWS\SYSTEM32\bcrypt.dll
0x00007ffeb7000000 - 0x00007ffeb700c000 	C:\WINDOWS\SYSTEM32\CRYPTBASE.dll
0x00007ffe9f840000 - 0x00007ffe9f849000 	C:\Users\ware\Documents\sts-4.24.0.RELEASE\plugins\org.eclipse.justj.openjdk.hotspot.jre.full.win32.x86_64_21.0.6.v20250130-0529\jre\bin\extnet.dll
0x00007ffe87d90000 - 0x00007ffe87da0000 	C:\Users\ware\Documents\sts-4.24.0.RELEASE\plugins\org.eclipse.justj.openjdk.hotspot.jre.full.win32.x86_64_21.0.6.v20250130-0529\jre\bin\verify.dll
0x00007ffe7cc70000 - 0x00007ffe7cc7e000 	C:\Users\ware\Documents\sts-4.24.0.RELEASE\plugins\org.eclipse.justj.openjdk.hotspot.jre.full.win32.x86_64_21.0.6.v20250130-0529\jre\bin\sunmscapi.dll
0x00007ffeb7bd0000 - 0x00007ffeb7d47000 	C:\WINDOWS\System32\CRYPT32.dll
0x00007ffeb7250000 - 0x00007ffeb7280000 	C:\WINDOWS\SYSTEM32\ncrypt.dll
0x00007ffeb7200000 - 0x00007ffeb723f000 	C:\WINDOWS\SYSTEM32\NTASN1.dll
0x00007ffe9f850000 - 0x00007ffe9f858000 	C:\WINDOWS\system32\wshunix.dll

dbghelp: loaded successfully - version: 4.0.5 - missing functions: none
symbol engine: initialized successfully - sym options: 0x614 - pdb path: .;C:\Users\ware\Documents\sts-4.24.0.RELEASE\plugins\org.eclipse.justj.openjdk.hotspot.jre.full.win32.x86_64_21.0.6.v20250130-0529\jre\bin;C:\WINDOWS\SYSTEM32;C:\WINDOWS\WinSxS\amd64_microsoft.windows.common-controls_6595b64144ccf1df_6.0.26100.4484_none_3e0e6d4ce32ef3b3;C:\Users\ware\Documents\sts-4.24.0.RELEASE\plugins\org.eclipse.justj.openjdk.hotspot.jre.full.win32.x86_64_21.0.6.v20250130-0529\jre\bin\server

VM Arguments:
jvm_args: -XX:+ShowCodeDetailsInExceptionMessages -agentlib:jdwp=transport=dt_socket,suspend=y,address=localhost:61606 -Dcom.sun.management.jmxremote -Dcom.sun.management.jmxremote.port=61605 -Dcom.sun.management.jmxremote.authenticate=false -Dcom.sun.management.jmxremote.ssl=false -Djava.rmi.server.hostname=localhost -Dspring.jmx.enabled=true -Dmanagement.endpoints.jmx.exposure.include=* -Dspring.application.admin.enabled=true -Dspring.output.ansi.enabled=always -XX:TieredStopAtLevel=1 -Dspring.boot.project.name=ERP-Project -javaagent:C:\Users\ware\Documents\sts-4.24.0.RELEASE\configuration\org.eclipse.osgi\1103\0\.cp\lib\javaagent-shaded.jar -Dfile.encoding=UTF-8 -Dstdout.encoding=UTF-8 -Dstderr.encoding=UTF-8 
java_command: com.prog.ErpProjectApplication
java_class_path (initial): C:\Users\ware\Documents\sts-4.24.0.RELEASE\workspace-spring-tool-suite-4-4.24.0.RELEASE\ERP-Project 27\ERP-Project\target\classes;C:\Users\ware\.m2\repository\org\springframework\boot\spring-boot-starter-data-jpa\3.4.0\spring-boot-starter-data-jpa-3.4.0.jar;C:\Users\ware\.m2\repository\org\springframework\boot\spring-boot-starter\3.4.0\spring-boot-starter-3.4.0.jar;C:\Users\ware\.m2\repository\org\springframework\boot\spring-boot-starter-logging\3.4.0\spring-boot-starter-logging-3.4.0.jar;C:\Users\ware\.m2\repository\ch\qos\logback\logback-classic\1.5.12\logback-classic-1.5.12.jar;C:\Users\ware\.m2\repository\ch\qos\logback\logback-core\1.5.12\logback-core-1.5.12.jar;C:\Users\ware\.m2\repository\org\apache\logging\log4j\log4j-to-slf4j\2.24.1\log4j-to-slf4j-2.24.1.jar;C:\Users\ware\.m2\repository\org\apache\logging\log4j\log4j-api\2.24.1\log4j-api-2.24.1.jar;C:\Users\ware\.m2\repository\org\slf4j\jul-to-slf4j\2.0.16\jul-to-slf4j-2.0.16.jar;C:\Users\ware\.m2\repository\jakarta\annotation\jakarta.annotation-api\2.1.1\jakarta.annotation-api-2.1.1.jar;C:\Users\ware\.m2\repository\org\yaml\snakeyaml\2.3\snakeyaml-2.3.jar;C:\Users\ware\.m2\repository\org\hibernate\orm\hibernate-core\6.6.2.Final\hibernate-core-6.6.2.Final.jar;C:\Users\ware\.m2\repository\jakarta\persistence\jakarta.persistence-api\3.1.0\jakarta.persistence-api-3.1.0.jar;C:\Users\ware\.m2\repository\jakarta\transaction\jakarta.transaction-api\2.0.1\jakarta.transaction-api-2.0.1.jar;C:\Users\ware\.m2\repository\org\jboss\logging\jboss-logging\3.6.1.Final\jboss-logging-3.6.1.Final.jar;C:\Users\ware\.m2\repository\org\hibernate\common\hibernate-commons-annotations\7.0.3.Final\hibernate-commons-annotations-7.0.3.Final.jar;C:\Users\ware\.m2\repository\io\smallrye\jandex\3.2.0\jandex-3.2.0.jar;C:\Users\ware\.m2\repository\com\fasterxml\classmate\1.7.0\classmate-1.7.0.jar;C:\Users\ware\.m2\repository\net\bytebuddy\byte-buddy\1.15.10\byte-buddy-1.15.10.jar;C:\Users\ware\.m2\repository\org\glassfish\jaxb\jaxb-runtime\4.0.5\jaxb-runtime-4.0.5.jar;C:\Users\ware\.m2\repository\org\glassfish\jaxb\jaxb-core\4.0.5\jaxb-core-4.0.5.jar;C:\Users\ware\.m2\repository\org\eclipse\angus\angus-activation\2.0.2\angus-activation-2.0.2.jar;C:\Users\ware\.m2\repository\org\glassfish\jaxb\txw2\4.0.5\txw2-4.0.5.jar;C:\Users\ware\.m2\repository\com\sun\istack\istack-commons-runtime\4.1.2\istack-commons-runtime-4.1.2.jar;C:\Users\ware\.m2\repository\jakarta\inject\jakarta.inject-api\2.0.1\jakarta.inject-api-2.0.1.jar;C:\Users\ware\.m2\repository\org\antlr\antlr4-runtime\4.13.0\antlr4-runtime-4.13.0.jar;C:\Users\ware\.m2\repository\org\springframework\data\spring-data-jpa\3.4.0\spring-data-jpa-3.4.0.jar;C:\Users\ware\.m2\repository\org\springframework\data\spring-data-commons\3.4.0\spring-data-commons-3.4.0.jar;C:\Users\ware\.m2\repository\org\springframework\spring-orm\6.2.0\spring-orm-6.2.0.jar;C:\Users\ware\.m2\repository\org\springframework\spring-context\6.2.0\spring-context-6.2.0.jar;C:\Users\ware\.m2\repository\org\springframework\spring-aop\6.2.0\spring-aop-6.2.0.jar;C:\Users\ware\.m2\repository\org\springframework\spring-tx\6.2.0\spring-tx-6.2.0.jar;C:\Users\ware\.m2\repository\org\springframework\spring-beans\6.2.0\spring-beans-6.2.0.jar;C:\Users\ware\.m2\repository\org\slf4j\slf4j-api\2.0.16\slf4j-api-2.0.16.jar;C:\Users\ware\.m2\repository\org\springframework\spring-aspects\6.2.0\spring-aspects-6.2.0.jar;C:\Users\ware\.m2\repository\org\aspectj\aspectjweaver\1.9.22.1\aspectjweaver-1.9.22.1.jar;C:\Users\ware\.m2\repository\org\springframework\boot\spring-boot-starter-thymeleaf\3.4.0\spring-boot-starter-thymeleaf-3.4.0.jar;C:\Users\ware\.m2\repository\org\thymeleaf\thymeleaf-spring6\3.1.2.RELEASE\thymeleaf-spring6-3.1.2.RELEASE.jar;C:\Users\ware\.m2\repository\org\thymeleaf\thymeleaf\3.1.2.RELEASE\thymeleaf-3.1.2.RELEASE.jar;C:\Users\ware\.m2\repository\org\attoparser\attoparser\2.0.7.RELEASE\attoparser-2.0.7.RELEASE.jar;C:\Users\ware\.m2\repository\org\unbescape\unbescape\1.1.6.RELEASE\unbescape-1.1.6.RELEASE.jar;C:\Users\ware\.m2\repository\org\springframework\boot\spring-boot-starter-web\3.4.0\spring-boot-starter-web-3.4.0.jar;C:\Users\ware\.m2\repository\org\springframework\boot\spring-boot-starter-json\3.4.0\spring-boot-starter-json-3.4.0.jar;C:\Users\ware\.m2\repository\com\fasterxml\jackson\core\jackson-databind\2.18.1\jackson-databind-2.18.1.jar;C:\Users\ware\.m2\repository\com\fasterxml\jackson\core\jackson-annotations\2.18.1\jackson-annotations-2.18.1.jar;C:\Users\ware\.m2\repository\com\fasterxml\jackson\core\jackson-core\2.18.1\jackson-core-2.18.1.jar;C:\Users\ware\.m2\repository\com\fasterxml\jackson\datatype\jackson-datatype-jdk8\2.18.1\jackson-datatype-jdk8-2.18.1.jar;C:\Users\ware\.m2\repository\com\fasterxml\jackson\datatype\jackson-datatype-jsr310\2.18.1\jackson-datatype-jsr310-2.18.1.jar;C:\Users\ware\.m2\repository\com\fasterxml\jackson\module\jackson-module-parameter-names\2.18.1\jackson-module-parameter-names-2.18.1.jar;C:\Users\ware\.m2\repository\org\springframework\boot\spring-boot-starter-tomcat\3.4.0\spring-boot-starter-tomcat-3.4.0.jar;C:\Users\ware\.m2\repository\org\apache\tomcat\embed\tomcat-embed-core\10.1.33\tomcat-embed-core-10.1.33.jar;C:\Users\ware\.m2\repository\org\apache\tomcat\embed\tomcat-embed-el\10.1.33\tomcat-embed-el-10.1.33.jar;C:\Users\ware\.m2\repository\org\apache\tomcat\embed\tomcat-embed-websocket\10.1.33\tomcat-embed-websocket-10.1.33.jar;C:\Users\ware\.m2\repository\org\springframework\spring-web\6.2.0\spring-web-6.2.0.jar;C:\Users\ware\.m2\repository\io\micrometer\micrometer-observation\1.14.1\micrometer-observation-1.14.1.jar;C:\Users\ware\.m2\repository\io\micrometer\micrometer-commons\1.14.1\micrometer-commons-1.14.1.jar;C:\Users\ware\.m2\repository\org\springframework\spring-webmvc\6.2.0\spring-webmvc-6.2.0.jar;C:\Users\ware\.m2\repository\org\springframework\spring-expression\6.2.0\spring-expression-6.2.0.jar;C:\Users\ware\.m2\repository\org\springframework\boot\spring-boot-devtools\3.4.0\spring-boot-devtools-3.4.0.jar;C:\Users\ware\.m2\repository\org\springframework\boot\spring-boot\3.4.0\spring-boot-3.4.0.jar;C:\Users\ware\.m2\repository\org\springframework\boot\spring-boot-autoconfigure\3.4.0\spring-boot-autoconfigure-3.4.0.jar;C:\Users\ware\.m2\repository\com\mysql\mysql-connector-j\9.1.0\mysql-connector-j-9.1.0.jar;C:\Users\ware\.m2\repository\org\springframework\boot\spring-boot-starter-jdbc\3.4.0\spring-boot-starter-jdbc-3.4.0.jar;C:\Users\ware\.m2\repository\com\zaxxer\HikariCP\5.1.0\HikariCP-5.1.0.jar;C:\Users\ware\.m2\repository\org\springframework\spring-jdbc\6.2.0\spring-jdbc-6.2.0.jar;C:\Users\ware\.m2\repository\jakarta\xml\bind\jakarta.xml.bind-api\4.0.2\jakarta.xml.bind-api-4.0.2.jar;C:\Users\ware\.m2\repository\jakarta\activation\jakarta.activation-api\2.1.3\jakarta.activation-api-2.1.3.jar;C:\Users\ware\.m2\repository\org\springframework\spring-core\6.2.0\spring-core-6.2.0.jar;C:\Users\ware\.m2\repository\org\springframework\spring-jcl\6.2.0\spring-jcl-6.2.0.jar
Launcher Type: SUN_STANDARD

[Global flags]
     intx CICompilerCount                          = 4                                         {product} {ergonomic}
     uint ConcGCThreads                            = 2                                         {product} {ergonomic}
     uint G1ConcRefinementThreads                  = 8                                         {product} {ergonomic}
   size_t G1HeapRegionSize                         = 1048576                                   {product} {ergonomic}
    uintx GCDrainStackTargetSize                   = 64                                        {product} {ergonomic}
   size_t InitialHeapSize                          = 132120576                                 {product} {ergonomic}
     bool ManagementServer                         = true                                      {product} {command line}
   size_t MarkStackSize                            = 4194304                                   {product} {ergonomic}
   size_t MaxHeapSize                              = 2084569088                                {product} {ergonomic}
   size_t MaxNewSize                               = 1249902592                                {product} {ergonomic}
   size_t MinHeapDeltaBytes                        = 1048576                                   {product} {ergonomic}
   size_t MinHeapSize                              = 8388608                                   {product} {ergonomic}
    uintx NonNMethodCodeHeapSize                   = 4096                                   {pd product} {ergonomic}
    uintx NonProfiledCodeHeapSize                  = 0                                      {pd product} {ergonomic}
     bool ProfileInterpreter                       = false                                  {pd product} {command line}
    uintx ProfiledCodeHeapSize                     = 0                                      {pd product} {ergonomic}
     bool ShowCodeDetailsInExceptionMessages       = true                                   {manageable} {command line}
   size_t SoftMaxHeapSize                          = 2084569088                             {manageable} {ergonomic}
     intx TieredStopAtLevel                        = 1                                         {product} {command line}
     bool UseCompressedOops                        = true                           {product lp64_product} {ergonomic}
     bool UseG1GC                                  = true                                      {product} {ergonomic}
     bool UseLargePagesIndividualAllocation        = false                                  {pd product} {ergonomic}

Logging:
Log output configuration:
 #0: stdout all=warning uptime,level,tags foldmultilines=false
 #1: stderr all=off uptime,level,tags foldmultilines=false

Environment Variables:
JAVA_HOME=C:\Program Files\Java\jdk-19
PATH=C:\Users\ware\Documents\sts-4.24.0.RELEASE\plugins\org.eclipse.justj.openjdk.hotspot.jre.full.win32.x86_64_21.0.6.v20250130-0529\jre\bin;C:/Users/ware/Documents/sts-4.24.0.RELEASE//plugins/org.eclipse.justj.openjdk.hotspot.jre.full.win32.x86_64_21.0.6.v20250130-0529/jre/bin/server;C:/Users/ware/Documents/sts-4.24.0.RELEASE//plugins/org.eclipse.justj.openjdk.hotspot.jre.full.win32.x86_64_21.0.6.v20250130-0529/jre/bin;C:\Program Files\Common Files\Oracle\Java\javapath;C:\Program Files (x86)\Common Files\Oracle\Java\java8path;C:\Program Files (x86)\Common Files\Oracle\Java\javapath;C:\Program Files\Python312\Scripts\;C:\Program Files\Python312\;C:\WINDOWS\system32;C:\WINDOWS;C:\WINDOWS\System32\Wbem;C:\WINDOWS\System32\WindowsPowerShell\v1.0\;C:\WINDOWS\System32\OpenSSH\;C:\Program Files\Graphviz\bin;C:\ProgramData\anaconda3\Library\bin\bin;C:\Program Files\nodejs\;C:\Users\ware\AppData\Local\Programs\Python\Launcher\;C:\Users\ware\AppData\Local\Microsoft\WindowsApps;C:\ProgramData\anaconda3\Library\bin;C:\ProgramData\anaconda3\Scripts;C:\Users\ware\AppData\Local\Programs\Python\Python312\Scripts;C:\Users\ware\AppData\Local\Microsoft\WinGet\Packages\Schniz.fnm_Microsoft.Winget.Source_8wekyb3d8bbwe;C:\Users\ware\AppData\Roaming\npm;C:\Program Files\Java\jdk-19\bin;C:\Users\ware\AppData\Local\Programs\Microsoft VS Code\bin;C:\Users\ware\AppData\Local\Programs\Microsoft VS Code Insiders\bin;C:\Users\ware\Documents\sts-4.24.0.RELEASE;
USERNAME=ware
OS=Windows_NT
PROCESSOR_IDENTIFIER=Intel64 Family 6 Model 140 Stepping 1, GenuineIntel
TMP=C:\Users\ware\AppData\Local\Temp
TEMP=C:\Users\ware\AppData\Local\Temp




Periodic native trim disabled

---------------  S Y S T E M  ---------------

OS:
 Windows 11 , 64 bit Build 26100 (10.0.26100.4484)
OS uptime: 16 days 0:42 hours
Hyper-V role detected

CPU: total 8 (initial active 8) (4 cores per cpu, 2 threads per core) family 6 model 140 stepping 1 microcode 0xac, cx8, cmov, fxsr, ht, mmx, 3dnowpref, sse, sse2, sse3, ssse3, sse4.1, sse4.2, popcnt, lzcnt, tsc, tscinvbit, avx, avx2, aes, erms, clmul, bmi1, bmi2, adx, avx512f, avx512dq, avx512cd, avx512bw, avx512vl, sha, fma, vzeroupper, avx512_vpopcntdq, avx512_vpclmulqdq, avx512_vaes, avx512_vnni, clflush, clflushopt, clwb, avx512_vbmi2, avx512_vbmi, hv, rdtscp, rdpid, fsrm, gfni, avx512_bitalg, f16c, cet_ibt, cet_ss, avx512_ifma
Processor Information for processor 0
  Max Mhz: 2419, Current Mhz: 2419, Mhz Limit: 2419
Processor Information for processor 1
  Max Mhz: 2419, Current Mhz: 1007, Mhz Limit: 2419
Processor Information for processor 2
  Max Mhz: 2419, Current Mhz: 2419, Mhz Limit: 2419
Processor Information for processor 3
  Max Mhz: 2419, Current Mhz: 2419, Mhz Limit: 2419
Processor Information for processor 4
  Max Mhz: 2419, Current Mhz: 2419, Mhz Limit: 2419
Processor Information for processor 5
  Max Mhz: 2419, Current Mhz: 2419, Mhz Limit: 2419
Processor Information for processor 6
  Max Mhz: 2419, Current Mhz: 1007, Mhz Limit: 2419
Processor Information for processor 7
  Max Mhz: 2419, Current Mhz: 1007, Mhz Limit: 2419

Memory: 4k page, system-wide physical 7948M (1193M free)
TotalPageFile size 14850M (AvailPageFile size 4077M)
current process WorkingSet (physical memory assigned to process): 296M, peak: 296M
current process commit charge ("private bytes"): 326M, peak: 326M

vm_info: OpenJDK 64-Bit Server VM (21.0.6+7-LTS) for windows-amd64 JRE (21.0.6+7-LTS), built on 2025-01-21T00:00:00Z by "admin" with MS VC++ 17.7 (VS2022)

END.
